[Sat, 02 Apr 2016 18:52:40 -0500] info 005_DATAPOST: ARRAY_ fechaCreacion = dataVoid
[Sat, 02 Apr 2016 18:52:40 -0500] info 001_PDO: from: MODEL: se instancio PDOManager en var static db
[Sat, 02 Apr 2016 18:52:40 -0500] info 007_getMyVars : : id :  objeto? 
[Sat, 02 Apr 2016 18:52:40 -0500] info 007_getMyVars : : username : qwe objeto? 
[Sat, 02 Apr 2016 18:52:40 -0500] info 007_getMyVars : : password : qwe objeto? 
[Sat, 02 Apr 2016 18:52:40 -0500] info 007_getMyVars : : email : qwe objeto? 
[Sat, 02 Apr 2016 18:52:40 -0500] info 007_getMyVars : : fechaCreacion : changeDataVoid_LOL :) objeto? 
[Sat, 02 Apr 2016 18:52:40 -0500] info 007_getMyVars : : estadoRegistro :  objeto? 
[Sat, 02 Apr 2016 18:52:40 -0500] info 007_getMyVars : : keyGenerator : keyGen objeto? 
[Sat, 02 Apr 2016 18:52:40 -0500] info 007_getMyVars : : keyGeneratorObj :  objeto? 1
[Sat, 02 Apr 2016 18:52:40 -0500] info 007_getMyVars : : has_many : Array objeto? 
[Sat, 02 Apr 2016 18:52:40 -0500] info 007_getMyVars : : known_as : Array objeto? 
[Sat, 02 Apr 2016 18:52:40 -0500] info 007_getMyVars resultante: : id : 
[Sat, 02 Apr 2016 18:52:40 -0500] info 007_getMyVars resultante: : username : qwe
[Sat, 02 Apr 2016 18:52:40 -0500] info 007_getMyVars resultante: : password : qwe
[Sat, 02 Apr 2016 18:52:40 -0500] info 007_getMyVars resultante: : email : qwe
[Sat, 02 Apr 2016 18:52:40 -0500] info 007_getMyVars resultante: : fechaCreacion : changeDataVoid_LOL :)
[Sat, 02 Apr 2016 18:52:40 -0500] info 007_getMyVars resultante: : estadoRegistro : 
[Sat, 02 Apr 2016 18:52:40 -0500] info 007_getMyVars resultante: : keyGenerator : keyGen
[Sat, 02 Apr 2016 18:52:40 -0500] info 007_getMyVars resultante: : has_many : Array
[Sat, 02 Apr 2016 18:52:40 -0500] info 007_getMyVars resultante: : known_as : Array
[Sat, 02 Apr 2016 18:52:40 -0500] info 007_values: insert 817
[Sat, 02 Apr 2016 18:52:40 -0500] info 007_fieldNames: : email`, `estadoRegistro`, `fechaCreacion`, `id`, `keyGenerator`, `password`, `username
[Sat, 02 Apr 2016 18:52:40 -0500] info 007_fieldValues: : :email, :estadoRegistro, :fechaCreacion, :id, :keyGenerator, :password, :username
[Sat, 02 Apr 2016 18:52:41 -0500] info 001_PDO: from: MODEL: se instancio PDOManager en var static db
[Sat, 02 Apr 2016 18:52:41 -0500] info 001_PDO: PDO_MANAGER : select, array: 
[Sat, 02 Apr 2016 18:52:42 -0500] info 001_PDO: from: MODEL: se instancio PDOManager en var static db
[Sat, 02 Apr 2016 18:52:42 -0500] info 001_PDO: PDO_MANAGER : select, array: 
[Sat, 02 Apr 2016 18:53:46 -0500] info 006_newEntity: Probando entidad01
[Sat, 02 Apr 2016 18:54:12 -0500] info 006_newEntity: Probando entidad01
[Sat, 02 Apr 2016 18:54:40 -0500] info 001_PDO: from: MODEL: se instancio PDOManager en var static db
[Sat, 02 Apr 2016 18:54:40 -0500] info 001_PDO: PDO_MANAGER : select, array: 
[Sat, 02 Apr 2016 18:54:42 -0500] info 001_PDO: from: MODEL: se instancio PDOManager en var static db
[Sat, 02 Apr 2016 18:54:42 -0500] info 001_PDO: PDO_MANAGER : select, array: 
[Sat, 02 Apr 2016 18:54:43 -0500] info 001_PDO: from: MODEL: se instancio PDOManager en var static db
[Sat, 02 Apr 2016 18:54:43 -0500] info 001_PDO: PDO_MANAGER : select, array: 
[Sat, 02 Apr 2016 18:54:44 -0500] info 001_PDO: from: MODEL: se instancio PDOManager en var static db
[Sat, 02 Apr 2016 18:54:44 -0500] info 001_PDO: PDO_MANAGER : select, array: 
[Sat, 02 Apr 2016 18:54:46 -0500] info 001_PDO: from: MODEL: se instancio PDOManager en var static db
[Sat, 02 Apr 2016 18:54:46 -0500] info 001_PDO: PDO_MANAGER : select, array: 
[Sat, 02 Apr 2016 18:54:47 -0500] info 001_PDO: from: MODEL: se instancio PDOManager en var static db
[Sat, 02 Apr 2016 18:54:47 -0500] info 001_PDO: PDO_MANAGER : select, array: 
[Sat, 02 Apr 2016 18:54:48 -0500] info 001_PDO: from: MODEL: se instancio PDOManager en var static db
[Sat, 02 Apr 2016 18:54:48 -0500] info 001_PDO: PDO_MANAGER : select, array: 
[Sat, 02 Apr 2016 18:55:00 -0500] info 001_PDO: from: MODEL: se instancio PDOManager en var static db
[Sat, 02 Apr 2016 18:55:00 -0500] info 001_PDO: PDO_MANAGER : select, array: 
[Sat, 02 Apr 2016 18:55:01 -0500] info 001_PDO: from: MODEL: se instancio PDOManager en var static db
[Sat, 02 Apr 2016 18:55:01 -0500] info 001_PDO: PDO_MANAGER : select, array: 
[Sat, 02 Apr 2016 18:55:07 -0500] info 005_DATAPOST: ARRAY_ fechaCreacion = dataVoid
[Sat, 02 Apr 2016 18:55:40 -0500] info 001_PDO: from: MODEL: se instancio PDOManager en var static db
[Sat, 02 Apr 2016 18:55:40 -0500] info 007_getMyVars : : id :  objeto? 
[Sat, 02 Apr 2016 18:55:40 -0500] info 007_getMyVars : : username : qqqqqw objeto? 
[Sat, 02 Apr 2016 18:55:40 -0500] info 007_getMyVars : : password : 123 objeto? 
[Sat, 02 Apr 2016 18:55:40 -0500] info 007_getMyVars : : email : qqqwe objeto? 
[Sat, 02 Apr 2016 18:55:40 -0500] info 007_getMyVars : : fechaCreacion : changeDataVoid_LOL :) objeto? 
[Sat, 02 Apr 2016 18:55:40 -0500] info 007_getMyVars : : estadoRegistro :  objeto? 
[Sat, 02 Apr 2016 18:55:40 -0500] info 007_getMyVars : : keyGenerator : keyGen objeto? 
[Sat, 02 Apr 2016 18:55:40 -0500] info 007_getMyVars : : keyGeneratorObj :  objeto? 1
[Sat, 02 Apr 2016 18:55:40 -0500] info 007_getMyVars : : has_many : Array objeto? 
[Sat, 02 Apr 2016 18:55:40 -0500] info 007_getMyVars : : known_as : Array objeto? 
[Sat, 02 Apr 2016 18:55:40 -0500] info 007_getMyVars resultante: : id : 
[Sat, 02 Apr 2016 18:55:40 -0500] info 007_getMyVars resultante: : username : qqqqqw
[Sat, 02 Apr 2016 18:55:40 -0500] info 007_getMyVars resultante: : password : 123
[Sat, 02 Apr 2016 18:55:40 -0500] info 007_getMyVars resultante: : email : qqqwe
[Sat, 02 Apr 2016 18:55:40 -0500] info 007_getMyVars resultante: : fechaCreacion : changeDataVoid_LOL :)
[Sat, 02 Apr 2016 18:55:40 -0500] info 007_getMyVars resultante: : estadoRegistro : 
[Sat, 02 Apr 2016 18:55:40 -0500] info 007_getMyVars resultante: : keyGenerator : keyGen
[Sat, 02 Apr 2016 18:55:40 -0500] info 007_getMyVars resultante: : has_many : Array
[Sat, 02 Apr 2016 18:55:40 -0500] info 007_getMyVars resultante: : known_as : Array
[Sat, 02 Apr 2016 18:55:40 -0500] info 007_values: insert 817
[Sat, 02 Apr 2016 18:55:40 -0500] info 007_fieldNames: : email`, `estadoRegistro`, `fechaCreacion`, `id`, `keyGenerator`, `password`, `username
[Sat, 02 Apr 2016 18:55:40 -0500] info 007_fieldValues: : :email, :estadoRegistro, :fechaCreacion, :id, :keyGenerator, :password, :username
[Sat, 02 Apr 2016 18:55:58 -0500] info 001_PDO: from: MODEL: se instancio PDOManager en var static db
[Sat, 02 Apr 2016 18:55:58 -0500] info 001_PDO: PDO_MANAGER : select, array: 
[Sat, 02 Apr 2016 18:56:03 -0500] info 001_PDO: from: MODEL: se instancio PDOManager en var static db
[Sat, 02 Apr 2016 18:56:03 -0500] info 001_PDO: PDO_MANAGER : select, array: 
[Sat, 02 Apr 2016 18:57:19 -0500] info 005_DATAPOST: ARRAY_ fechaCreacion = dataVoid
[Sat, 02 Apr 2016 18:57:25 -0500] info 001_PDO: from: MODEL: se instancio PDOManager en var static db
[Sat, 02 Apr 2016 18:57:25 -0500] info 007_getMyVars : : id :  objeto? 
[Sat, 02 Apr 2016 18:57:25 -0500] info 007_getMyVars : : username : qqqqqw objeto? 
[Sat, 02 Apr 2016 18:57:25 -0500] info 007_getMyVars : : password : 123 objeto? 
[Sat, 02 Apr 2016 18:57:25 -0500] info 007_getMyVars : : email : qqqwe objeto? 
[Sat, 02 Apr 2016 18:57:25 -0500] info 007_getMyVars : : fechaCreacion : changeDataVoid_LOL :) objeto? 
[Sat, 02 Apr 2016 18:57:25 -0500] info 007_getMyVars : : estadoRegistro :  objeto? 
[Sat, 02 Apr 2016 18:57:25 -0500] info 007_getMyVars : : keyGenerator : keyGen objeto? 
[Sat, 02 Apr 2016 18:57:25 -0500] info 007_getMyVars : : keyGeneratorObj :  objeto? 1
[Sat, 02 Apr 2016 18:57:25 -0500] info 007_getMyVars : : has_many : Array objeto? 
[Sat, 02 Apr 2016 18:57:25 -0500] info 007_getMyVars : : known_as : Array objeto? 
[Sat, 02 Apr 2016 18:57:25 -0500] info 007_getMyVars resultante: : id : 
[Sat, 02 Apr 2016 18:57:25 -0500] info 007_getMyVars resultante: : username : qqqqqw
[Sat, 02 Apr 2016 18:57:25 -0500] info 007_getMyVars resultante: : password : 123
[Sat, 02 Apr 2016 18:57:25 -0500] info 007_getMyVars resultante: : email : qqqwe
[Sat, 02 Apr 2016 18:57:25 -0500] info 007_getMyVars resultante: : fechaCreacion : changeDataVoid_LOL :)
[Sat, 02 Apr 2016 18:57:25 -0500] info 007_getMyVars resultante: : estadoRegistro : 
[Sat, 02 Apr 2016 18:57:25 -0500] info 007_getMyVars resultante: : keyGenerator : keyGen
[Sat, 02 Apr 2016 18:57:25 -0500] info 007_getMyVars resultante: : has_many : Array
[Sat, 02 Apr 2016 18:57:25 -0500] info 007_getMyVars resultante: : known_as : Array
[Sat, 02 Apr 2016 18:57:25 -0500] info 007_values: insert 817
[Sat, 02 Apr 2016 18:57:25 -0500] info 007_fieldNames: : email`, `estadoRegistro`, `fechaCreacion`, `id`, `keyGenerator`, `password`, `username
[Sat, 02 Apr 2016 18:57:25 -0500] info 007_fieldValues: : :email, :estadoRegistro, :fechaCreacion, :id, :keyGenerator, :password, :username
[Sat, 02 Apr 2016 18:57:45 -0500] info 001_PDO: from: MODEL: se instancio PDOManager en var static db
[Sat, 02 Apr 2016 18:57:45 -0500] info 001_PDO: PDO_MANAGER : select, array: 
[Sat, 02 Apr 2016 18:57:50 -0500] info 001_PDO: from: MODEL: se instancio PDOManager en var static db
[Sat, 02 Apr 2016 18:57:50 -0500] info 001_PDO: PDO_MANAGER : select, array: 
[Sat, 02 Apr 2016 18:58:36 -0500] info 006_newEntity: Probando entidad01
[Sat, 02 Apr 2016 18:58:44 -0500] info 001_PDO: from: MODEL: se instancio PDOManager en var static db
[Sat, 02 Apr 2016 18:58:44 -0500] info 001_PDO: PDO_MANAGER : select, array: 
[Sat, 02 Apr 2016 18:58:45 -0500] info 001_PDO: from: MODEL: se instancio PDOManager en var static db
[Sat, 02 Apr 2016 18:58:45 -0500] info 001_PDO: PDO_MANAGER : select, array: 
[Sat, 02 Apr 2016 18:58:45 -0500] info 001_PDO: from: MODEL: se instancio PDOManager en var static db
[Sat, 02 Apr 2016 18:58:45 -0500] info 001_PDO: PDO_MANAGER : select, array: 
[Sat, 02 Apr 2016 18:58:46 -0500] info 001_PDO: from: MODEL: se instancio PDOManager en var static db
[Sat, 02 Apr 2016 18:58:46 -0500] info 001_PDO: PDO_MANAGER : select, array: 
[Sat, 02 Apr 2016 18:58:46 -0500] info 001_PDO: from: MODEL: se instancio PDOManager en var static db
[Sat, 02 Apr 2016 18:58:46 -0500] info 001_PDO: PDO_MANAGER : select, array: 
[Sat, 02 Apr 2016 18:58:50 -0500] info 001_PDO: from: MODEL: se instancio PDOManager en var static db
[Sat, 02 Apr 2016 18:58:50 -0500] info 001_PDO: PDO_MANAGER : select, array: 
[Sat, 02 Apr 2016 18:58:50 -0500] info 001_PDO: from: MODEL: se instancio PDOManager en var static db
[Sat, 02 Apr 2016 18:58:50 -0500] info 001_PDO: PDO_MANAGER : select, array: 
[Sat, 02 Apr 2016 18:59:53 -0500] info 005_DATAPOST: ARRAY_ fechaCreacion = dataVoid
[Sat, 02 Apr 2016 18:59:53 -0500] info 001_PDO: from: MODEL: se instancio PDOManager en var static db
[Sat, 02 Apr 2016 18:59:53 -0500] info 007_getMyVars : : id :  objeto? 
[Sat, 02 Apr 2016 18:59:53 -0500] info 007_getMyVars : : username : asd objeto? 
[Sat, 02 Apr 2016 18:59:53 -0500] info 007_getMyVars : : password : asd objeto? 
[Sat, 02 Apr 2016 18:59:53 -0500] info 007_getMyVars : : email : asd objeto? 
[Sat, 02 Apr 2016 18:59:53 -0500] info 007_getMyVars : : fechaCreacion : changeDataVoid_LOL :) objeto? 
[Sat, 02 Apr 2016 18:59:53 -0500] info 007_getMyVars : : estadoRegistro :  objeto? 
[Sat, 02 Apr 2016 18:59:53 -0500] info 007_getMyVars : : keyGenerator : keyGen objeto? 
[Sat, 02 Apr 2016 18:59:53 -0500] info 007_getMyVars : : keyGeneratorObj :  objeto? 1
[Sat, 02 Apr 2016 18:59:53 -0500] info 007_getMyVars : : has_many : Array objeto? 
[Sat, 02 Apr 2016 18:59:53 -0500] info 007_getMyVars : : known_as : Array objeto? 
[Sat, 02 Apr 2016 18:59:53 -0500] info 007_getMyVars resultante: : id : 
[Sat, 02 Apr 2016 18:59:53 -0500] info 007_getMyVars resultante: : username : asd
[Sat, 02 Apr 2016 18:59:53 -0500] info 007_getMyVars resultante: : password : asd
[Sat, 02 Apr 2016 18:59:53 -0500] info 007_getMyVars resultante: : email : asd
[Sat, 02 Apr 2016 18:59:53 -0500] info 007_getMyVars resultante: : fechaCreacion : changeDataVoid_LOL :)
[Sat, 02 Apr 2016 18:59:53 -0500] info 007_getMyVars resultante: : estadoRegistro : 
[Sat, 02 Apr 2016 18:59:53 -0500] info 007_getMyVars resultante: : keyGenerator : keyGen
[Sat, 02 Apr 2016 18:59:53 -0500] info 007_getMyVars resultante: : has_many : Array
[Sat, 02 Apr 2016 18:59:53 -0500] info 007_getMyVars resultante: : known_as : Array
[Sat, 02 Apr 2016 18:59:53 -0500] info 007_values: insert 817
[Sat, 02 Apr 2016 18:59:53 -0500] info 007_fieldNames: : email`, `estadoRegistro`, `fechaCreacion`, `id`, `keyGenerator`, `password`, `username
[Sat, 02 Apr 2016 18:59:53 -0500] info 007_fieldValues: : :email, :estadoRegistro, :fechaCreacion, :id, :keyGenerator, :password, :username
[Sat, 02 Apr 2016 19:10:51 -0500] info 005_DATAPOST: ARRAY_ fechaCreacion = dataVoid
[Sat, 02 Apr 2016 19:10:51 -0500] info 001_PDO: from: MODEL: se instancio PDOManager en var static db
[Sat, 02 Apr 2016 19:10:51 -0500] info 007_values: insert 817
[Sat, 02 Apr 2016 19:10:51 -0500] info 007_fieldNames: : email`, `estadoRegistro`, `fechaCreacion`, `id`, `keyGenerator`, `password`, `username
[Sat, 02 Apr 2016 19:10:51 -0500] info 007_fieldValues: : :email, :estadoRegistro, :fechaCreacion, :id, :keyGenerator, :password, :username
[Sat, 02 Apr 2016 19:10:53 -0500] info 006_newEntity: Probando entidad01
[Sat, 02 Apr 2016 19:11:01 -0500] info 001_PDO: from: MODEL: se instancio PDOManager en var static db
[Sat, 02 Apr 2016 19:11:01 -0500] info 001_PDO: PDO_MANAGER : select, array: 
[Sat, 02 Apr 2016 19:11:01 -0500] info 001_PDO: from: MODEL: se instancio PDOManager en var static db
[Sat, 02 Apr 2016 19:11:01 -0500] info 001_PDO: PDO_MANAGER : select, array: 
[Sat, 02 Apr 2016 19:11:02 -0500] info 001_PDO: from: MODEL: se instancio PDOManager en var static db
[Sat, 02 Apr 2016 19:11:02 -0500] info 001_PDO: PDO_MANAGER : select, array: 
[Sat, 02 Apr 2016 19:11:03 -0500] info 001_PDO: from: MODEL: se instancio PDOManager en var static db
[Sat, 02 Apr 2016 19:11:03 -0500] info 001_PDO: PDO_MANAGER : select, array: 
[Sat, 02 Apr 2016 19:11:03 -0500] info 001_PDO: from: MODEL: se instancio PDOManager en var static db
[Sat, 02 Apr 2016 19:11:03 -0500] info 001_PDO: PDO_MANAGER : select, array: 
[Sat, 02 Apr 2016 19:11:04 -0500] info 005_DATAPOST: ARRAY_ fechaCreacion = dataVoid
[Sat, 02 Apr 2016 19:11:04 -0500] info 001_PDO: from: MODEL: se instancio PDOManager en var static db
[Sat, 02 Apr 2016 19:11:04 -0500] info 007_values: insert 817
[Sat, 02 Apr 2016 19:11:04 -0500] info 007_fieldNames: : email`, `estadoRegistro`, `fechaCreacion`, `id`, `keyGenerator`, `password`, `username
[Sat, 02 Apr 2016 19:11:04 -0500] info 007_fieldValues: : :email, :estadoRegistro, :fechaCreacion, :id, :keyGenerator, :password, :username
[Sat, 02 Apr 2016 19:11:07 -0500] info 001_PDO: from: MODEL: se instancio PDOManager en var static db
[Sat, 02 Apr 2016 19:11:07 -0500] info 001_PDO: PDO_MANAGER : select, array: 
[Sat, 02 Apr 2016 19:11:07 -0500] info 001_PDO: from: MODEL: se instancio PDOManager en var static db
[Sat, 02 Apr 2016 19:11:07 -0500] info 001_PDO: PDO_MANAGER : select, array: 
[Sat, 02 Apr 2016 19:11:09 -0500] info 006_newEntity: Probando entidad01
[Sat, 02 Apr 2016 19:11:17 -0500] info 001_PDO: from: MODEL: se instancio PDOManager en var static db
[Sat, 02 Apr 2016 19:11:17 -0500] info 001_PDO: PDO_MANAGER : select, array: 
[Sat, 02 Apr 2016 19:11:17 -0500] info 001_PDO: from: MODEL: se instancio PDOManager en var static db
[Sat, 02 Apr 2016 19:11:17 -0500] info 001_PDO: PDO_MANAGER : select, array: 
[Sat, 02 Apr 2016 19:11:18 -0500] info 001_PDO: from: MODEL: se instancio PDOManager en var static db
[Sat, 02 Apr 2016 19:11:18 -0500] info 001_PDO: PDO_MANAGER : select, array: 
[Sat, 02 Apr 2016 19:11:18 -0500] info 001_PDO: from: MODEL: se instancio PDOManager en var static db
[Sat, 02 Apr 2016 19:11:18 -0500] info 001_PDO: PDO_MANAGER : select, array: 
[Sat, 02 Apr 2016 19:11:19 -0500] info 001_PDO: from: MODEL: se instancio PDOManager en var static db
[Sat, 02 Apr 2016 19:11:19 -0500] info 001_PDO: PDO_MANAGER : select, array: 
[Sat, 02 Apr 2016 19:11:21 -0500] info 001_PDO: from: MODEL: se instancio PDOManager en var static db
[Sat, 02 Apr 2016 19:11:21 -0500] info 001_PDO: PDO_MANAGER : select, array: 
[Sat, 02 Apr 2016 19:11:21 -0500] info 001_PDO: from: MODEL: se instancio PDOManager en var static db
[Sat, 02 Apr 2016 19:11:21 -0500] info 001_PDO: PDO_MANAGER : select, array: 
[Sat, 02 Apr 2016 19:11:38 -0500] info 005_DATAPOST: ARRAY_ fechaCreacion = dataVoid
[Sat, 02 Apr 2016 19:11:38 -0500] info 001_PDO: from: MODEL: se instancio PDOManager en var static db
[Sat, 02 Apr 2016 19:11:38 -0500] info 007_values: insert 817
[Sat, 02 Apr 2016 19:11:38 -0500] info 007_fieldNames: : email`, `estadoRegistro`, `fechaCreacion`, `id`, `keyGenerator`, `password`, `username
[Sat, 02 Apr 2016 19:11:38 -0500] info 007_fieldValues: : :email, :estadoRegistro, :fechaCreacion, :id, :keyGenerator, :password, :username
[Sat, 02 Apr 2016 19:16:52 -0500] info 006_newEntity: Probando entidad01
[Sat, 02 Apr 2016 19:18:08 -0500] info 001_PDO: from: MODEL: se instancio PDOManager en var static db
[Sat, 02 Apr 2016 19:18:08 -0500] info 001_PDO: PDO_MANAGER : select, array: 
[Sat, 02 Apr 2016 19:18:08 -0500] info 001_PDO: from: MODEL: se instancio PDOManager en var static db
[Sat, 02 Apr 2016 19:18:08 -0500] info 001_PDO: PDO_MANAGER : select, array: 
[Sat, 02 Apr 2016 19:18:09 -0500] info 001_PDO: from: MODEL: se instancio PDOManager en var static db
[Sat, 02 Apr 2016 19:18:09 -0500] info 001_PDO: PDO_MANAGER : select, array: 
[Sat, 02 Apr 2016 19:18:09 -0500] info 001_PDO: from: MODEL: se instancio PDOManager en var static db
[Sat, 02 Apr 2016 19:18:09 -0500] info 001_PDO: PDO_MANAGER : select, array: 
[Sat, 02 Apr 2016 19:18:09 -0500] info 001_PDO: from: MODEL: se instancio PDOManager en var static db
[Sat, 02 Apr 2016 19:18:09 -0500] info 001_PDO: PDO_MANAGER : select, array: 
[Sat, 02 Apr 2016 19:18:13 -0500] info 001_PDO: from: MODEL: se instancio PDOManager en var static db
[Sat, 02 Apr 2016 19:18:13 -0500] info 001_PDO: PDO_MANAGER : select, array: 
[Sat, 02 Apr 2016 19:18:13 -0500] info 001_PDO: from: MODEL: se instancio PDOManager en var static db
[Sat, 02 Apr 2016 19:18:13 -0500] info 001_PDO: PDO_MANAGER : select, array: 
[Sat, 02 Apr 2016 19:18:31 -0500] info 005_DATAPOST: ARRAY_ fechaCreacion = dataVoid
[Sat, 02 Apr 2016 19:18:31 -0500] info 001_PDO: from: MODEL: se instancio PDOManager en var static db
[Sat, 02 Apr 2016 19:18:31 -0500] info 007_values: insert 817
[Sat, 02 Apr 2016 19:18:31 -0500] info 007_fieldNames: : email`, `estadoRegistro`, `fechaCreacion`, `id`, `keyGenerator`, `password`, `username
[Sat, 02 Apr 2016 19:18:31 -0500] info 007_fieldValues: : :email, :estadoRegistro, :fechaCreacion, :id, :keyGenerator, :password, :username
[Sat, 02 Apr 2016 19:19:14 -0500] info 006_newEntity: Probando entidad01
[Sat, 02 Apr 2016 19:28:45 -0500] info 001_PDO: from: MODEL: se instancio PDOManager en var static db
[Sat, 02 Apr 2016 19:28:45 -0500] info 001_PDO: PDO_MANAGER : select, array: 
[Sat, 02 Apr 2016 19:28:45 -0500] info 001_PDO: PDO_MANAGER : select, array: 
[Sun, 03 Apr 2016 10:39:15 -0500] info 001_PDO: from: MODEL: se instancio PDOManager en var static db
[Sun, 03 Apr 2016 10:39:15 -0500] info 001_PDO: PDO_MANAGER : select, array: 
[Sun, 03 Apr 2016 10:39:15 -0500] info 001_PDO: PDO_MANAGER : select, array: 
[Sun, 03 Apr 2016 10:39:15 -0500] info 007_values: insert 817
[Sun, 03 Apr 2016 10:39:15 -0500] info 007_fieldNames: : email`, `estadoRegistro`, `fechaCreacion`, `id`, `keyGenerator`, `password`, `username
[Sun, 03 Apr 2016 10:39:15 -0500] info 007_fieldValues: : :email, :estadoRegistro, :fechaCreacion, :id, :keyGenerator, :password, :username
[Sun, 03 Apr 2016 10:39:15 -0500] info 007_values: insert 817
[Sun, 03 Apr 2016 10:39:15 -0500] info 007_fieldNames: : idAmigo`, `idUsuario
[Sun, 03 Apr 2016 10:39:15 -0500] info 007_fieldValues: : :idAmigo, :idUsuario
[Sun, 03 Apr 2016 10:46:12 -0500] info 001_PDO: from: MODEL: se instancio PDOManager en var static db
[Sun, 03 Apr 2016 10:46:13 -0500] info 001_PDO: PDO_MANAGER : select, array: 
[Sun, 03 Apr 2016 10:46:13 -0500] info 001_PDO: PDO_MANAGER : select, array: 
[Sun, 03 Apr 2016 10:46:13 -0500] info 007_values: insert 817
[Sun, 03 Apr 2016 10:46:13 -0500] info 007_fieldNames: : email`, `estadoRegistro`, `fechaCreacion`, `id`, `keyGenerator`, `password`, `username
[Sun, 03 Apr 2016 10:46:13 -0500] info 007_fieldValues: : :email, :estadoRegistro, :fechaCreacion, :id, :keyGenerator, :password, :username
[Sun, 03 Apr 2016 10:46:13 -0500] info 007_values: insert 817
[Sun, 03 Apr 2016 10:46:13 -0500] info 007_fieldNames: : idAmigo`, `idUsuario
[Sun, 03 Apr 2016 10:46:13 -0500] info 007_fieldValues: : :idAmigo, :idUsuario
[Sun, 03 Apr 2016 10:46:14 -0500] info 007_values: insert 817
[Sun, 03 Apr 2016 10:46:14 -0500] info 007_fieldNames: : email`, `estadoRegistro`, `fechaCreacion`, `id`, `keyGenerator`, `password`, `username
[Sun, 03 Apr 2016 10:46:14 -0500] info 007_fieldValues: : :email, :estadoRegistro, :fechaCreacion, :id, :keyGenerator, :password, :username
[Sun, 03 Apr 2016 10:46:14 -0500] info 007_values: insert 817
[Sun, 03 Apr 2016 10:46:14 -0500] info 007_fieldNames: : idAmigo`, `idUsuario
[Sun, 03 Apr 2016 10:46:14 -0500] info 007_fieldValues: : :idAmigo, :idUsuario
[Sun, 03 Apr 2016 10:55:33 -0500] info 001_PDO: from: MODEL: se instancio PDOManager en var static db
[Sun, 03 Apr 2016 10:55:33 -0500] info 007_values: insert 817
[Sun, 03 Apr 2016 10:55:33 -0500] info 007_fieldNames: : email`, `estadoRegistro`, `fechaCreacion`, `id`, `keyGenerator`, `password`, `username
[Sun, 03 Apr 2016 10:55:33 -0500] info 007_fieldValues: : :email, :estadoRegistro, :fechaCreacion, :id, :keyGenerator, :password, :username
[Sun, 03 Apr 2016 10:55:33 -0500] info 001_PDO: PDO_MANAGER : select, array: 
[Sun, 03 Apr 2016 11:31:01 -0500] info 006_newEntity: Probando entidad01
[Sun, 03 Apr 2016 11:31:11 -0500] info 001_PDO: from: MODEL: se instancio PDOManager en var static db
[Sun, 03 Apr 2016 11:31:11 -0500] info 001_PDO: PDO_MANAGER : select, array: 
[Sun, 03 Apr 2016 11:31:12 -0500] info 001_PDO: from: MODEL: se instancio PDOManager en var static db
[Sun, 03 Apr 2016 11:31:12 -0500] info 001_PDO: PDO_MANAGER : select, array: 
[Sun, 03 Apr 2016 11:31:12 -0500] info 001_PDO: from: MODEL: se instancio PDOManager en var static db
[Sun, 03 Apr 2016 11:31:12 -0500] info 001_PDO: PDO_MANAGER : select, array: 
[Sun, 03 Apr 2016 11:31:19 -0500] info 001_PDO: from: MODEL: se instancio PDOManager en var static db
[Sun, 03 Apr 2016 11:31:19 -0500] info 001_PDO: PDO_MANAGER : select, array: 
[Sun, 03 Apr 2016 11:31:19 -0500] info 001_PDO: from: MODEL: se instancio PDOManager en var static db
[Sun, 03 Apr 2016 11:31:19 -0500] info 001_PDO: PDO_MANAGER : select, array: 
[Sun, 03 Apr 2016 11:31:20 -0500] info 001_PDO: from: MODEL: se instancio PDOManager en var static db
[Sun, 03 Apr 2016 11:31:20 -0500] info 001_PDO: PDO_MANAGER : select, array: 
[Sun, 03 Apr 2016 11:31:20 -0500] info 001_PDO: from: MODEL: se instancio PDOManager en var static db
[Sun, 03 Apr 2016 11:31:20 -0500] info 001_PDO: PDO_MANAGER : select, array: 
[Sun, 03 Apr 2016 11:31:20 -0500] info 005_DATAPOST: ARRAY_ fechaCreacion = dataVoid
[Sun, 03 Apr 2016 11:31:20 -0500] info 001_PDO: from: MODEL: se instancio PDOManager en var static db
[Sun, 03 Apr 2016 11:31:20 -0500] info 007_values: insert 817
[Sun, 03 Apr 2016 11:31:20 -0500] info 007_fieldNames: : email`, `estadoRegistro`, `fechaCreacion`, `id`, `keyGenerator`, `password`, `username
[Sun, 03 Apr 2016 11:31:20 -0500] info 007_fieldValues: : :email, :estadoRegistro, :fechaCreacion, :id, :keyGenerator, :password, :username
[Sun, 03 Apr 2016 11:31:21 -0500] info 001_PDO: from: MODEL: se instancio PDOManager en var static db
[Sun, 03 Apr 2016 11:31:21 -0500] info 001_PDO: PDO_MANAGER : select, array: 
[Sun, 03 Apr 2016 11:31:21 -0500] info 001_PDO: from: MODEL: se instancio PDOManager en var static db
[Sun, 03 Apr 2016 11:31:21 -0500] info 001_PDO: PDO_MANAGER : select, array: 
[Sun, 03 Apr 2016 11:31:24 -0500] info 006_newEntity: Probando entidad01
[Sun, 03 Apr 2016 11:31:36 -0500] info 001_PDO: from: MODEL: se instancio PDOManager en var static db
[Sun, 03 Apr 2016 11:31:36 -0500] info 001_PDO: PDO_MANAGER : select, array: 
[Sun, 03 Apr 2016 11:31:37 -0500] info 001_PDO: from: MODEL: se instancio PDOManager en var static db
[Sun, 03 Apr 2016 11:31:37 -0500] info 001_PDO: PDO_MANAGER : select, array: 
[Sun, 03 Apr 2016 11:31:38 -0500] info 001_PDO: from: MODEL: se instancio PDOManager en var static db
[Sun, 03 Apr 2016 11:31:38 -0500] info 001_PDO: PDO_MANAGER : select, array: 
[Sun, 03 Apr 2016 11:31:46 -0500] info 001_PDO: from: MODEL: se instancio PDOManager en var static db
[Sun, 03 Apr 2016 11:31:46 -0500] info 001_PDO: PDO_MANAGER : select, array: 
[Sun, 03 Apr 2016 11:31:46 -0500] info 001_PDO: from: MODEL: se instancio PDOManager en var static db
[Sun, 03 Apr 2016 11:31:46 -0500] info 001_PDO: PDO_MANAGER : select, array: 
[Sun, 03 Apr 2016 11:31:47 -0500] info 001_PDO: from: MODEL: se instancio PDOManager en var static db
[Sun, 03 Apr 2016 11:31:47 -0500] info 001_PDO: PDO_MANAGER : select, array: 
[Sun, 03 Apr 2016 11:31:47 -0500] info 001_PDO: from: MODEL: se instancio PDOManager en var static db
[Sun, 03 Apr 2016 11:31:47 -0500] info 001_PDO: PDO_MANAGER : select, array: 
[Sun, 03 Apr 2016 11:31:47 -0500] info 005_DATAPOST: ARRAY_ fechaCreacion = dataVoid
[Sun, 03 Apr 2016 11:31:47 -0500] info 001_PDO: from: MODEL: se instancio PDOManager en var static db
[Sun, 03 Apr 2016 11:31:47 -0500] info 007_values: insert 817
[Sun, 03 Apr 2016 11:31:47 -0500] info 007_fieldNames: : email`, `estadoRegistro`, `fechaCreacion`, `id`, `keyGenerator`, `password`, `username
[Sun, 03 Apr 2016 11:31:47 -0500] info 007_fieldValues: : :email, :estadoRegistro, :fechaCreacion, :id, :keyGenerator, :password, :username
[Sun, 03 Apr 2016 11:31:48 -0500] info 001_PDO: from: MODEL: se instancio PDOManager en var static db
[Sun, 03 Apr 2016 11:31:48 -0500] info 001_PDO: PDO_MANAGER : select, array: 
[Sun, 03 Apr 2016 11:31:48 -0500] info 001_PDO: from: MODEL: se instancio PDOManager en var static db
[Sun, 03 Apr 2016 11:31:48 -0500] info 001_PDO: PDO_MANAGER : select, array: 
[Sun, 03 Apr 2016 11:31:51 -0500] info 001_PDO: from: MODEL: se instancio PDOManager en var static db
[Sun, 03 Apr 2016 11:31:51 -0500] info 001_PDO: PDO_MANAGER : select, array: 
[Sun, 03 Apr 2016 11:31:51 -0500] info 001_PDO: from: MODEL: se instancio PDOManager en var static db
[Sun, 03 Apr 2016 11:31:51 -0500] info 001_PDO: PDO_MANAGER : select, array: 
[Sun, 03 Apr 2016 11:31:52 -0500] info 006_newEntity: Probando entidad01
[Sun, 03 Apr 2016 11:39:26 -0500] info 001_PDO: from: MODEL: se instancio PDOManager en var static db
[Sun, 03 Apr 2016 11:39:26 -0500] info 007_values: insert 817
[Sun, 03 Apr 2016 11:39:26 -0500] info 007_fieldNames: : codeGenerator`, `codeState`, `dataExpired`, `dataInit`, `id
[Sun, 03 Apr 2016 11:39:26 -0500] info 007_fieldValues: : :codeGenerator, :codeState, :dataExpired, :dataInit, :id
