[Mon, 11 Apr 2016 12:04:45 -0500] info 005: ClassName: utilities\UrlGenerator
[Mon, 11 Apr 2016 12:04:45 -0500] info 005: fileName: utilities\
[Mon, 11 Apr 2016 12:04:45 -0500] info 005: fileName:despues del if utilities\UrlGenerator.php
[Mon, 11 Apr 2016 12:04:45 -0500] info 002: FROM:: CONFIG-APP, se instancio URLGENERATOR 
[Mon, 11 Apr 2016 12:04:45 -0500] info 003: URL: localhost
[Mon, 11 Apr 2016 12:04:45 -0500] info 001: FROM:: CONFIG-APP 
[Mon, 11 Apr 2016 12:04:45 -0500] info 005: ClassName: User_controller
[Mon, 11 Apr 2016 12:04:45 -0500] info 005: fileName:despues del if User\controller.php
[Mon, 11 Apr 2016 12:04:45 -0500] info 002: Se instancio User_controller()
[Mon, 11 Apr 2016 12:04:45 -0500] info 004: vista a cargar: ./views/Index/index
[Mon, 11 Apr 2016 12:04:45 -0500] info 004: existe el path view 
[Mon, 11 Apr 2016 12:04:45 -0500] info 004: vista a cargar: ./views/User/signIn
[Mon, 11 Apr 2016 12:04:45 -0500] info 004: existe el path view 
[Mon, 11 Apr 2016 12:04:46 -0500] info 005: ClassName: utilities\UrlGenerator
[Mon, 11 Apr 2016 12:04:46 -0500] info 005: fileName: utilities\
[Mon, 11 Apr 2016 12:04:46 -0500] info 005: fileName:despues del if utilities\UrlGenerator.php
[Mon, 11 Apr 2016 12:04:46 -0500] info 002: FROM:: CONFIG-APP, se instancio URLGENERATOR 
[Mon, 11 Apr 2016 12:04:46 -0500] info 003: URL: localhost
[Mon, 11 Apr 2016 12:04:46 -0500] info 001: FROM:: CONFIG-APP 
[Mon, 11 Apr 2016 12:05:35 -0500] info 005: ClassName: utilities\UrlGenerator
[Mon, 11 Apr 2016 12:05:35 -0500] info 005: fileName: utilities\
[Mon, 11 Apr 2016 12:05:35 -0500] info 005: fileName:despues del if utilities\UrlGenerator.php
[Mon, 11 Apr 2016 12:05:35 -0500] info 002: FROM:: CONFIG-APP, se instancio URLGENERATOR 
[Mon, 11 Apr 2016 12:05:35 -0500] info 003: URL: localhost
[Mon, 11 Apr 2016 12:05:35 -0500] info 001: FROM:: CONFIG-APP 
[Mon, 11 Apr 2016 12:05:35 -0500] info 005: ClassName: User_controller
[Mon, 11 Apr 2016 12:05:35 -0500] info 005: fileName:despues del if User\controller.php
[Mon, 11 Apr 2016 12:05:35 -0500] info 002: Se instancio User_controller()
[Mon, 11 Apr 2016 12:05:35 -0500] info 004: vista a cargar: ./views/Index/index
[Mon, 11 Apr 2016 12:05:35 -0500] info 004: existe el path view 
[Mon, 11 Apr 2016 12:05:35 -0500] info 004: vista a cargar: ./views/User/signIn
[Mon, 11 Apr 2016 12:05:35 -0500] info 004: existe el path view 
[Mon, 11 Apr 2016 12:05:36 -0500] info 005: ClassName: utilities\UrlGenerator
[Mon, 11 Apr 2016 12:05:36 -0500] info 005: fileName: utilities\
[Mon, 11 Apr 2016 12:05:36 -0500] info 005: fileName:despues del if utilities\UrlGenerator.php
[Mon, 11 Apr 2016 12:05:36 -0500] info 002: FROM:: CONFIG-APP, se instancio URLGENERATOR 
[Mon, 11 Apr 2016 12:05:36 -0500] info 003: URL: localhost
[Mon, 11 Apr 2016 12:05:36 -0500] info 001: FROM:: CONFIG-APP 
[Mon, 11 Apr 2016 12:06:23 -0500] info 005: ClassName: utilities\UrlGenerator
[Mon, 11 Apr 2016 12:06:23 -0500] info 005: fileName: utilities\
[Mon, 11 Apr 2016 12:06:23 -0500] info 005: fileName:despues del if utilities\UrlGenerator.php
[Mon, 11 Apr 2016 12:06:23 -0500] info 002: FROM:: CONFIG-APP, se instancio URLGENERATOR 
[Mon, 11 Apr 2016 12:06:23 -0500] info 003: URL: localhost
[Mon, 11 Apr 2016 12:06:23 -0500] info 001: FROM:: CONFIG-APP 
[Mon, 11 Apr 2016 12:06:23 -0500] info 005: ClassName: User_controller
[Mon, 11 Apr 2016 12:06:23 -0500] info 005: fileName:despues del if User\controller.php
[Mon, 11 Apr 2016 12:06:23 -0500] info 002: Se instancio User_controller()
[Mon, 11 Apr 2016 12:06:23 -0500] info 004: vista a cargar: ./views/Index/index
[Mon, 11 Apr 2016 12:06:23 -0500] info 004: existe el path view 
[Mon, 11 Apr 2016 12:06:23 -0500] info 004: vista a cargar: ./views/User/signIn
[Mon, 11 Apr 2016 12:06:23 -0500] info 004: existe el path view 
[Mon, 11 Apr 2016 12:06:23 -0500] info 005: ClassName: utilities\UrlGenerator
[Mon, 11 Apr 2016 12:06:23 -0500] info 005: fileName: utilities\
[Mon, 11 Apr 2016 12:06:23 -0500] info 005: fileName:despues del if utilities\UrlGenerator.php
[Mon, 11 Apr 2016 12:06:23 -0500] info 002: FROM:: CONFIG-APP, se instancio URLGENERATOR 
[Mon, 11 Apr 2016 12:06:23 -0500] info 003: URL: localhost
[Mon, 11 Apr 2016 12:06:24 -0500] info 001: FROM:: CONFIG-APP 
[Mon, 11 Apr 2016 12:09:16 -0500] info 005: ClassName: utilities\UrlGenerator
[Mon, 11 Apr 2016 12:09:16 -0500] info 005: fileName: utilities\
[Mon, 11 Apr 2016 12:09:16 -0500] info 005: fileName:despues del if utilities\UrlGenerator.php
[Mon, 11 Apr 2016 12:09:16 -0500] info 002: FROM:: CONFIG-APP, se instancio URLGENERATOR 
[Mon, 11 Apr 2016 12:09:16 -0500] info 003: URL: localhost
[Mon, 11 Apr 2016 12:09:16 -0500] info 001: FROM:: CONFIG-APP 
[Mon, 11 Apr 2016 12:09:16 -0500] info 005: ClassName: User_controller
[Mon, 11 Apr 2016 12:09:16 -0500] info 005: fileName:despues del if User\controller.php
[Mon, 11 Apr 2016 12:09:16 -0500] info 002: Se instancio User_controller()
[Mon, 11 Apr 2016 12:09:16 -0500] info 004: vista a cargar: ./views/Index/index
[Mon, 11 Apr 2016 12:09:16 -0500] info 004: existe el path view 
[Mon, 11 Apr 2016 12:09:16 -0500] info 004: vista a cargar: ./views/User/signIn
[Mon, 11 Apr 2016 12:09:16 -0500] info 004: existe el path view 
[Mon, 11 Apr 2016 12:09:16 -0500] info 005: ClassName: utilities\UrlGenerator
[Mon, 11 Apr 2016 12:09:16 -0500] info 005: fileName: utilities\
[Mon, 11 Apr 2016 12:09:16 -0500] info 005: fileName:despues del if utilities\UrlGenerator.php
[Mon, 11 Apr 2016 12:09:16 -0500] info 002: FROM:: CONFIG-APP, se instancio URLGENERATOR 
[Mon, 11 Apr 2016 12:09:16 -0500] info 003: URL: localhost
[Mon, 11 Apr 2016 12:09:16 -0500] info 001: FROM:: CONFIG-APP 
[Mon, 11 Apr 2016 12:15:21 -0500] info 005: ClassName: utilities\UrlGenerator
[Mon, 11 Apr 2016 12:15:21 -0500] info 005: fileName: utilities\
[Mon, 11 Apr 2016 12:15:21 -0500] info 005: fileName:despues del if utilities\UrlGenerator.php
[Mon, 11 Apr 2016 12:15:21 -0500] info 002: FROM:: CONFIG-APP, se instancio URLGENERATOR 
[Mon, 11 Apr 2016 12:15:21 -0500] info 003: URL: localhost
[Mon, 11 Apr 2016 12:15:21 -0500] info 001: FROM:: CONFIG-APP 
[Mon, 11 Apr 2016 12:15:21 -0500] info 005: ClassName: User_controller
[Mon, 11 Apr 2016 12:15:21 -0500] info 005: fileName:despues del if User\controller.php
[Mon, 11 Apr 2016 12:15:21 -0500] info 002: Se instancio User_controller()
[Mon, 11 Apr 2016 12:15:21 -0500] info 004: vista a cargar: ./views/Index/index
[Mon, 11 Apr 2016 12:15:21 -0500] info 004: existe el path view 
[Mon, 11 Apr 2016 12:15:21 -0500] info 004: vista a cargar: ./views/User/signIn
[Mon, 11 Apr 2016 12:15:21 -0500] info 004: existe el path view 
[Mon, 11 Apr 2016 12:15:22 -0500] info 005: ClassName: utilities\UrlGenerator
[Mon, 11 Apr 2016 12:15:22 -0500] info 005: fileName: utilities\
[Mon, 11 Apr 2016 12:15:22 -0500] info 005: fileName:despues del if utilities\UrlGenerator.php
[Mon, 11 Apr 2016 12:15:22 -0500] info 002: FROM:: CONFIG-APP, se instancio URLGENERATOR 
[Mon, 11 Apr 2016 12:15:22 -0500] info 003: URL: localhost
[Mon, 11 Apr 2016 12:15:22 -0500] info 001: FROM:: CONFIG-APP 
