[Wed, 30 Mar 2016 19:33:11 -0500] Error 830: from:: CONSTANT EXISTE LA SESSION, METODO NUEVO
[Wed, 30 Mar 2016 19:33:11 -0500] Error 830: from: CONSTANTS, VARIABLES DB: local: localhost  : 
[Wed, 30 Mar 2016 19:33:11 -0500] Error 830: from: CONSTANTS, VARIABLES DB: root: root  : 
[Wed, 30 Mar 2016 19:33:11 -0500] Error 830: from: CONSTANTS, VARIABLES DB: pws: 12345  : 
[Wed, 30 Mar 2016 19:33:11 -0500] Error 830: from: CONSTANTS, VARIABLES DB: schema: cpiura_shema  : 
[Wed, 30 Mar 2016 19:33:11 -0500] Error 830: from:: CONSTANT EXISTE LA SESSION, METODO NUEVO
[Wed, 30 Mar 2016 19:33:11 -0500] Error 830: from: CONSTANTS, VARIABLES DB: local: localhost  : 
[Wed, 30 Mar 2016 19:33:11 -0500] Error 830: from: CONSTANTS, VARIABLES DB: root: root  : 
[Wed, 30 Mar 2016 19:33:11 -0500] Error 830: from: CONSTANTS, VARIABLES DB: pws: 12345  : 
[Wed, 30 Mar 2016 19:33:11 -0500] Error 830: from: CONSTANTS, VARIABLES DB: schema: cpiura_shema  : 
[Wed, 30 Mar 2016 19:36:35 -0500] Error 830: from:: CONSTANT EXISTE LA SESSION, METODO NUEVO
[Wed, 30 Mar 2016 19:36:35 -0500] Error 830: from: CONSTANTS, VARIABLES DB: local: localhost  : 
[Wed, 30 Mar 2016 19:36:35 -0500] Error 830: from: CONSTANTS, VARIABLES DB: root: root  : 
[Wed, 30 Mar 2016 19:36:35 -0500] Error 830: from: CONSTANTS, VARIABLES DB: pws: 12345  : 
[Wed, 30 Mar 2016 19:36:35 -0500] Error 830: from: CONSTANTS, VARIABLES DB: schema: cpiura_shema  : 
[Wed, 30 Mar 2016 19:36:36 -0500] Error 830: from:: CONSTANT EXISTE LA SESSION, METODO NUEVO
[Wed, 30 Mar 2016 19:36:36 -0500] Error 830: from: CONSTANTS, VARIABLES DB: local: localhost  : 
[Wed, 30 Mar 2016 19:36:36 -0500] Error 830: from: CONSTANTS, VARIABLES DB: root: root  : 
[Wed, 30 Mar 2016 19:36:36 -0500] Error 830: from: CONSTANTS, VARIABLES DB: pws: 12345  : 
[Wed, 30 Mar 2016 19:36:36 -0500] Error 830: from: CONSTANTS, VARIABLES DB: schema: cpiura_shema  : 
[Wed, 30 Mar 2016 19:37:52 -0500] Error 830: from:: CONSTANT EXISTE LA SESSION, METODO NUEVO
[Wed, 30 Mar 2016 19:37:52 -0500] Error 830: from: CONSTANTS, VARIABLES DB: local: localhost  : 
[Wed, 30 Mar 2016 19:37:52 -0500] Error 830: from: CONSTANTS, VARIABLES DB: root: root  : 
[Wed, 30 Mar 2016 19:37:52 -0500] Error 830: from: CONSTANTS, VARIABLES DB: pws: 12345  : 
[Wed, 30 Mar 2016 19:37:52 -0500] Error 830: from: CONSTANTS, VARIABLES DB: schema: cpiura_shema  : 
[Wed, 30 Mar 2016 19:37:52 -0500] Error 830: from:: CONSTANT EXISTE LA SESSION, METODO NUEVO
[Wed, 30 Mar 2016 19:37:52 -0500] Error 830: from: CONSTANTS, VARIABLES DB: local: localhost  : 
[Wed, 30 Mar 2016 19:37:52 -0500] Error 830: from: CONSTANTS, VARIABLES DB: root: root  : 
[Wed, 30 Mar 2016 19:37:52 -0500] Error 830: from: CONSTANTS, VARIABLES DB: pws: 12345  : 
[Wed, 30 Mar 2016 19:37:52 -0500] Error 830: from: CONSTANTS, VARIABLES DB: schema: cpiura_shema  : 
[Wed, 30 Mar 2016 19:38:44 -0500] Error 830: from:: CONSTANT EXISTE LA SESSION, METODO NUEVO
[Wed, 30 Mar 2016 19:38:44 -0500] Error 830: from: CONSTANTS, VARIABLES DB: local: localhost  : 
[Wed, 30 Mar 2016 19:38:44 -0500] Error 830: from: CONSTANTS, VARIABLES DB: root: root  : 
[Wed, 30 Mar 2016 19:38:44 -0500] Error 830: from: CONSTANTS, VARIABLES DB: pws: 12345  : 
[Wed, 30 Mar 2016 19:38:44 -0500] Error 830: from: CONSTANTS, VARIABLES DB: schema: cpiura_shema  : 
[Wed, 30 Mar 2016 19:38:45 -0500] Error 830: from:: CONSTANT EXISTE LA SESSION, METODO NUEVO
[Wed, 30 Mar 2016 19:38:45 -0500] Error 830: from: CONSTANTS, VARIABLES DB: local: localhost  : 
[Wed, 30 Mar 2016 19:38:45 -0500] Error 830: from: CONSTANTS, VARIABLES DB: root: root  : 
[Wed, 30 Mar 2016 19:38:45 -0500] Error 830: from: CONSTANTS, VARIABLES DB: pws: 12345  : 
[Wed, 30 Mar 2016 19:38:45 -0500] Error 830: from: CONSTANTS, VARIABLES DB: schema: cpiura_shema  : 
[Wed, 30 Mar 2016 20:09:54 -0500] Error 830: from:: CONSTANT EXISTE LA SESSION, METODO NUEVO
[Wed, 30 Mar 2016 20:09:54 -0500] Error 830: from: CONSTANTS, VARIABLES DB: local: localhost  : 
[Wed, 30 Mar 2016 20:09:54 -0500] Error 830: from: CONSTANTS, VARIABLES DB: root: root  : 
[Wed, 30 Mar 2016 20:09:54 -0500] Error 830: from: CONSTANTS, VARIABLES DB: pws: 12345  : 
[Wed, 30 Mar 2016 20:09:54 -0500] Error 830: from: CONSTANTS, VARIABLES DB: schema: cpiura_shema  : 
[Wed, 30 Mar 2016 20:09:54 -0500] Error 830: from:: CONSTANT EXISTE LA SESSION, METODO NUEVO
[Wed, 30 Mar 2016 20:09:54 -0500] Error 830: from: CONSTANTS, VARIABLES DB: local: localhost  : 
[Wed, 30 Mar 2016 20:09:54 -0500] Error 830: from: CONSTANTS, VARIABLES DB: root: root  : 
[Wed, 30 Mar 2016 20:09:54 -0500] Error 830: from: CONSTANTS, VARIABLES DB: pws: 12345  : 
[Wed, 30 Mar 2016 20:09:54 -0500] Error 830: from: CONSTANTS, VARIABLES DB: schema: cpiura_shema  : 
[Wed, 30 Mar 2016 20:18:14 -0500] Error 830: from:: CONSTANT EXISTE LA SESSION, METODO NUEVO
[Wed, 30 Mar 2016 20:18:14 -0500] Error 830: from: CONSTANTS, VARIABLES DB: local: localhost  : 
[Wed, 30 Mar 2016 20:18:14 -0500] Error 830: from: CONSTANTS, VARIABLES DB: root: root  : 
[Wed, 30 Mar 2016 20:18:14 -0500] Error 830: from: CONSTANTS, VARIABLES DB: pws: 12345  : 
[Wed, 30 Mar 2016 20:18:14 -0500] Error 830: from: CONSTANTS, VARIABLES DB: schema: cpiura_shema  : 
[Wed, 30 Mar 2016 20:18:14 -0500] Error 830: from:: CONSTANT EXISTE LA SESSION, METODO NUEVO
[Wed, 30 Mar 2016 20:18:14 -0500] Error 830: from: CONSTANTS, VARIABLES DB: local: localhost  : 
[Wed, 30 Mar 2016 20:18:14 -0500] Error 830: from: CONSTANTS, VARIABLES DB: root: root  : 
[Wed, 30 Mar 2016 20:18:14 -0500] Error 830: from: CONSTANTS, VARIABLES DB: pws: 12345  : 
[Wed, 30 Mar 2016 20:18:14 -0500] Error 830: from: CONSTANTS, VARIABLES DB: schema: cpiura_shema  : 
[Wed, 30 Mar 2016 20:20:38 -0500] Error 830: from:: CONSTANT EXISTE LA SESSION, METODO NUEVO
[Wed, 30 Mar 2016 20:20:38 -0500] Error 830: from: CONSTANTS, VARIABLES DB: local: localhost  : 
[Wed, 30 Mar 2016 20:20:38 -0500] Error 830: from: CONSTANTS, VARIABLES DB: root: root  : 
[Wed, 30 Mar 2016 20:20:38 -0500] Error 830: from: CONSTANTS, VARIABLES DB: pws: 12345  : 
[Wed, 30 Mar 2016 20:20:38 -0500] Error 830: from: CONSTANTS, VARIABLES DB: schema: cpiura_shema  : 
[Wed, 30 Mar 2016 20:20:38 -0500] Error 830: from:: CONSTANT EXISTE LA SESSION, METODO NUEVO
[Wed, 30 Mar 2016 20:20:38 -0500] Error 830: from: CONSTANTS, VARIABLES DB: local: localhost  : 
[Wed, 30 Mar 2016 20:20:38 -0500] Error 830: from: CONSTANTS, VARIABLES DB: root: root  : 
[Wed, 30 Mar 2016 20:20:38 -0500] Error 830: from: CONSTANTS, VARIABLES DB: pws: 12345  : 
[Wed, 30 Mar 2016 20:20:38 -0500] Error 830: from: CONSTANTS, VARIABLES DB: schema: cpiura_shema  : 
[Wed, 30 Mar 2016 20:20:38 -0500] Error 830: from:: CONSTANT EXISTE LA SESSION, METODO NUEVO
[Wed, 30 Mar 2016 20:20:38 -0500] Error 830: from: CONSTANTS, VARIABLES DB: local: localhost  : 
[Wed, 30 Mar 2016 20:20:38 -0500] Error 830: from: CONSTANTS, VARIABLES DB: root: root  : 
[Wed, 30 Mar 2016 20:20:38 -0500] Error 830: from: CONSTANTS, VARIABLES DB: pws: 12345  : 
[Wed, 30 Mar 2016 20:20:38 -0500] Error 830: from: CONSTANTS, VARIABLES DB: schema: cpiura_shema  : 
[Wed, 30 Mar 2016 20:20:57 -0500] Error 830: from:: CONSTANT EXISTE LA SESSION, METODO NUEVO
[Wed, 30 Mar 2016 20:20:57 -0500] Error 830: from: CONSTANTS, VARIABLES DB: local: localhost  : 
[Wed, 30 Mar 2016 20:20:57 -0500] Error 830: from: CONSTANTS, VARIABLES DB: root: root  : 
[Wed, 30 Mar 2016 20:20:57 -0500] Error 830: from: CONSTANTS, VARIABLES DB: pws: 12345  : 
[Wed, 30 Mar 2016 20:20:57 -0500] Error 830: from: CONSTANTS, VARIABLES DB: schema: cpiura_shema  : 
[Wed, 30 Mar 2016 20:20:59 -0500] Error 830: from:: CONSTANT EXISTE LA SESSION, METODO NUEVO
[Wed, 30 Mar 2016 20:20:59 -0500] Error 830: from: CONSTANTS, VARIABLES DB: local: localhost  : 
[Wed, 30 Mar 2016 20:20:59 -0500] Error 830: from: CONSTANTS, VARIABLES DB: root: root  : 
[Wed, 30 Mar 2016 20:20:59 -0500] Error 830: from: CONSTANTS, VARIABLES DB: pws: 12345  : 
[Wed, 30 Mar 2016 20:20:59 -0500] Error 830: from: CONSTANTS, VARIABLES DB: schema: cpiura_shema  : 
[Wed, 30 Mar 2016 20:20:59 -0500] Error 830: from:: CONSTANT EXISTE LA SESSION, METODO NUEVO
[Wed, 30 Mar 2016 20:20:59 -0500] Error 830: from: CONSTANTS, VARIABLES DB: local: localhost  : 
[Wed, 30 Mar 2016 20:20:59 -0500] Error 830: from: CONSTANTS, VARIABLES DB: root: root  : 
[Wed, 30 Mar 2016 20:20:59 -0500] Error 830: from: CONSTANTS, VARIABLES DB: pws: 12345  : 
[Wed, 30 Mar 2016 20:20:59 -0500] Error 830: from: CONSTANTS, VARIABLES DB: schema: cpiura_shema  : 
[Wed, 30 Mar 2016 20:36:37 -0500] Error 830: from:: CONSTANT EXISTE LA SESSION, METODO NUEVO
[Wed, 30 Mar 2016 20:36:37 -0500] Error 830: from: CONSTANTS, VARIABLES DB: local: localhost  : 
[Wed, 30 Mar 2016 20:36:37 -0500] Error 830: from: CONSTANTS, VARIABLES DB: root: root  : 
[Wed, 30 Mar 2016 20:36:37 -0500] Error 830: from: CONSTANTS, VARIABLES DB: pws: 12345  : 
[Wed, 30 Mar 2016 20:36:37 -0500] Error 830: from: CONSTANTS, VARIABLES DB: schema: cpiura_shema  : 
[Wed, 30 Mar 2016 20:36:37 -0500] Error 830: from:: CONSTANT EXISTE LA SESSION, METODO NUEVO
[Wed, 30 Mar 2016 20:36:37 -0500] Error 830: from: CONSTANTS, VARIABLES DB: local: localhost  : 
[Wed, 30 Mar 2016 20:36:37 -0500] Error 830: from: CONSTANTS, VARIABLES DB: root: root  : 
[Wed, 30 Mar 2016 20:36:37 -0500] Error 830: from: CONSTANTS, VARIABLES DB: pws: 12345  : 
[Wed, 30 Mar 2016 20:36:37 -0500] Error 830: from: CONSTANTS, VARIABLES DB: schema: cpiura_shema  : 
[Wed, 30 Mar 2016 20:36:44 -0500] Error 830: from:: CONSTANT EXISTE LA SESSION, METODO NUEVO
[Wed, 30 Mar 2016 20:36:44 -0500] Error 830: from: CONSTANTS, VARIABLES DB: local: localhost  : 
[Wed, 30 Mar 2016 20:36:44 -0500] Error 830: from: CONSTANTS, VARIABLES DB: root: root  : 
[Wed, 30 Mar 2016 20:36:44 -0500] Error 830: from: CONSTANTS, VARIABLES DB: pws: 12345  : 
[Wed, 30 Mar 2016 20:36:44 -0500] Error 830: from: CONSTANTS, VARIABLES DB: schema: cpiura_shema  : 
[Wed, 30 Mar 2016 20:36:44 -0500] Error 830: from:: CONSTANT EXISTE LA SESSION, METODO NUEVO
[Wed, 30 Mar 2016 20:36:44 -0500] Error 830: from: CONSTANTS, VARIABLES DB: local: localhost  : 
[Wed, 30 Mar 2016 20:36:44 -0500] Error 830: from: CONSTANTS, VARIABLES DB: root: root  : 
[Wed, 30 Mar 2016 20:36:44 -0500] Error 830: from: CONSTANTS, VARIABLES DB: pws: 12345  : 
[Wed, 30 Mar 2016 20:36:44 -0500] Error 830: from: CONSTANTS, VARIABLES DB: schema: cpiura_shema  : 
[Wed, 30 Mar 2016 20:36:44 -0500] Error 830: from:: CONSTANT EXISTE LA SESSION, METODO NUEVO
[Wed, 30 Mar 2016 20:36:44 -0500] Error 830: from: CONSTANTS, VARIABLES DB: local: localhost  : 
[Wed, 30 Mar 2016 20:36:44 -0500] Error 830: from: CONSTANTS, VARIABLES DB: root: root  : 
[Wed, 30 Mar 2016 20:36:44 -0500] Error 830: from: CONSTANTS, VARIABLES DB: pws: 12345  : 
[Wed, 30 Mar 2016 20:36:44 -0500] Error 830: from: CONSTANTS, VARIABLES DB: schema: cpiura_shema  : 
[Wed, 30 Mar 2016 20:36:52 -0500] Error 830: from:: CONSTANT EXISTE LA SESSION, METODO NUEVO
[Wed, 30 Mar 2016 20:36:52 -0500] Error 830: from: CONSTANTS, VARIABLES DB: local: localhost  : 
[Wed, 30 Mar 2016 20:36:52 -0500] Error 830: from: CONSTANTS, VARIABLES DB: root: root  : 
[Wed, 30 Mar 2016 20:36:52 -0500] Error 830: from: CONSTANTS, VARIABLES DB: pws: 12345  : 
[Wed, 30 Mar 2016 20:36:52 -0500] Error 830: from: CONSTANTS, VARIABLES DB: schema: cpiura_shema  : 
[Wed, 30 Mar 2016 20:36:53 -0500] Error 830: from:: CONSTANT EXISTE LA SESSION, METODO NUEVO
[Wed, 30 Mar 2016 20:36:53 -0500] Error 830: from: CONSTANTS, VARIABLES DB: local: localhost  : 
[Wed, 30 Mar 2016 20:36:53 -0500] Error 830: from: CONSTANTS, VARIABLES DB: root: root  : 
[Wed, 30 Mar 2016 20:36:53 -0500] Error 830: from: CONSTANTS, VARIABLES DB: pws: 12345  : 
[Wed, 30 Mar 2016 20:36:53 -0500] Error 830: from: CONSTANTS, VARIABLES DB: schema: cpiura_shema  : 
[Wed, 30 Mar 2016 20:36:53 -0500] Error 830: from:: CONSTANT EXISTE LA SESSION, METODO NUEVO
[Wed, 30 Mar 2016 20:36:53 -0500] Error 830: from: CONSTANTS, VARIABLES DB: local: localhost  : 
[Wed, 30 Mar 2016 20:36:53 -0500] Error 830: from: CONSTANTS, VARIABLES DB: root: root  : 
[Wed, 30 Mar 2016 20:36:53 -0500] Error 830: from: CONSTANTS, VARIABLES DB: pws: 12345  : 
[Wed, 30 Mar 2016 20:36:53 -0500] Error 830: from: CONSTANTS, VARIABLES DB: schema: cpiura_shema  : 
[Wed, 30 Mar 2016 20:36:56 -0500] Error 830: from:: CONSTANT EXISTE LA SESSION, METODO NUEVO
[Wed, 30 Mar 2016 20:36:56 -0500] Error 830: from: CONSTANTS, VARIABLES DB: local: localhost  : 
[Wed, 30 Mar 2016 20:36:56 -0500] Error 830: from: CONSTANTS, VARIABLES DB: root: root  : 
[Wed, 30 Mar 2016 20:36:56 -0500] Error 830: from: CONSTANTS, VARIABLES DB: pws: 12345  : 
[Wed, 30 Mar 2016 20:36:56 -0500] Error 830: from: CONSTANTS, VARIABLES DB: schema: cpiura_shema  : 
[Wed, 30 Mar 2016 20:36:56 -0500] Error 830: from:: CONSTANT EXISTE LA SESSION, METODO NUEVO
[Wed, 30 Mar 2016 20:36:56 -0500] Error 830: from: CONSTANTS, VARIABLES DB: local: localhost  : 
[Wed, 30 Mar 2016 20:36:56 -0500] Error 830: from: CONSTANTS, VARIABLES DB: root: root  : 
[Wed, 30 Mar 2016 20:36:56 -0500] Error 830: from: CONSTANTS, VARIABLES DB: pws: 12345  : 
[Wed, 30 Mar 2016 20:36:56 -0500] Error 830: from: CONSTANTS, VARIABLES DB: schema: cpiura_shema  : 
[Wed, 30 Mar 2016 20:36:57 -0500] Error 830: from:: CONSTANT EXISTE LA SESSION, METODO NUEVO
[Wed, 30 Mar 2016 20:36:57 -0500] Error 830: from: CONSTANTS, VARIABLES DB: local: localhost  : 
[Wed, 30 Mar 2016 20:36:57 -0500] Error 830: from:: CONSTANT EXISTE LA SESSION, METODO NUEVO
[Wed, 30 Mar 2016 20:36:57 -0500] Error 830: from: CONSTANTS, VARIABLES DB: root: root  : 
[Wed, 30 Mar 2016 20:36:57 -0500] Error 830: from: CONSTANTS, VARIABLES DB: pws: 12345  : 
[Wed, 30 Mar 2016 20:36:57 -0500] Error 830: from: CONSTANTS, VARIABLES DB: local: localhost  : 
[Wed, 30 Mar 2016 20:36:57 -0500] Error 830: from: CONSTANTS, VARIABLES DB: schema: cpiura_shema  : 
[Wed, 30 Mar 2016 20:36:57 -0500] Error 830: from: CONSTANTS, VARIABLES DB: root: root  : 
[Wed, 30 Mar 2016 20:36:57 -0500] Error 830: from: CONSTANTS, VARIABLES DB: pws: 12345  : 
[Wed, 30 Mar 2016 20:36:57 -0500] Error 830: from: CONSTANTS, VARIABLES DB: schema: cpiura_shema  : 
[Wed, 30 Mar 2016 20:36:57 -0500] Error 830: from:: CONSTANT EXISTE LA SESSION, METODO NUEVO
[Wed, 30 Mar 2016 20:36:57 -0500] Error 830: from: CONSTANTS, VARIABLES DB: local: localhost  : 
[Wed, 30 Mar 2016 20:36:57 -0500] Error 830: from: CONSTANTS, VARIABLES DB: root: root  : 
[Wed, 30 Mar 2016 20:36:57 -0500] Error 830: from: CONSTANTS, VARIABLES DB: pws: 12345  : 
[Wed, 30 Mar 2016 20:36:57 -0500] Error 830: from: CONSTANTS, VARIABLES DB: schema: cpiura_shema  : 
[Wed, 30 Mar 2016 20:36:57 -0500] Error 830: from:: CONSTANT EXISTE LA SESSION, METODO NUEVO
[Wed, 30 Mar 2016 20:36:57 -0500] Error 830: from: CONSTANTS, VARIABLES DB: local: localhost  : 
[Wed, 30 Mar 2016 20:36:57 -0500] Error 830: from: CONSTANTS, VARIABLES DB: root: root  : 
[Wed, 30 Mar 2016 20:36:57 -0500] Error 830: from: CONSTANTS, VARIABLES DB: pws: 12345  : 
[Wed, 30 Mar 2016 20:36:57 -0500] Error 830: from: CONSTANTS, VARIABLES DB: schema: cpiura_shema  : 
[Wed, 30 Mar 2016 20:36:58 -0500] Error 830: from:: CONSTANT EXISTE LA SESSION, METODO NUEVO
[Wed, 30 Mar 2016 20:36:58 -0500] Error 830: from: CONSTANTS, VARIABLES DB: local: localhost  : 
[Wed, 30 Mar 2016 20:36:58 -0500] Error 830: from: CONSTANTS, VARIABLES DB: root: root  : 
[Wed, 30 Mar 2016 20:36:58 -0500] Error 830: from: CONSTANTS, VARIABLES DB: pws: 12345  : 
[Wed, 30 Mar 2016 20:36:58 -0500] Error 830: from: CONSTANTS, VARIABLES DB: schema: cpiura_shema  : 
[Wed, 30 Mar 2016 20:37:21 -0500] Error 830: from:: CONSTANT EXISTE LA SESSION, METODO NUEVO
[Wed, 30 Mar 2016 20:37:21 -0500] Error 830: from: CONSTANTS, VARIABLES DB: local: localhost  : 
[Wed, 30 Mar 2016 20:37:21 -0500] Error 830: from: CONSTANTS, VARIABLES DB: root: root  : 
[Wed, 30 Mar 2016 20:37:21 -0500] Error 830: from: CONSTANTS, VARIABLES DB: pws: 12345  : 
[Wed, 30 Mar 2016 20:37:21 -0500] Error 830: from: CONSTANTS, VARIABLES DB: schema: cpiura_shema  : 
[Wed, 30 Mar 2016 20:37:21 -0500] Error 830: from:: CONSTANT EXISTE LA SESSION, METODO NUEVO
[Wed, 30 Mar 2016 20:37:21 -0500] Error 830: from: CONSTANTS, VARIABLES DB: local: localhost  : 
[Wed, 30 Mar 2016 20:37:21 -0500] Error 830: from: CONSTANTS, VARIABLES DB: root: root  : 
[Wed, 30 Mar 2016 20:37:21 -0500] Error 830: from: CONSTANTS, VARIABLES DB: pws: 12345  : 
[Wed, 30 Mar 2016 20:37:21 -0500] Error 830: from: CONSTANTS, VARIABLES DB: schema: cpiura_shema  : 
[Wed, 30 Mar 2016 20:37:41 -0500] Error 830: from:: CONSTANT EXISTE LA SESSION, METODO NUEVO
[Wed, 30 Mar 2016 20:37:41 -0500] Error 830: from: CONSTANTS, VARIABLES DB: local: localhost  : 
[Wed, 30 Mar 2016 20:37:41 -0500] Error 830: from: CONSTANTS, VARIABLES DB: root: root  : 
[Wed, 30 Mar 2016 20:37:41 -0500] Error 830: from: CONSTANTS, VARIABLES DB: pws: 12345  : 
[Wed, 30 Mar 2016 20:37:41 -0500] Error 830: from: CONSTANTS, VARIABLES DB: schema: cpiura_shema  : 
[Wed, 30 Mar 2016 20:37:41 -0500] Error 830: from:: CONSTANT EXISTE LA SESSION, METODO NUEVO
[Wed, 30 Mar 2016 20:37:41 -0500] Error 830: from: CONSTANTS, VARIABLES DB: local: localhost  : 
[Wed, 30 Mar 2016 20:37:41 -0500] Error 830: from: CONSTANTS, VARIABLES DB: root: root  : 
[Wed, 30 Mar 2016 20:37:41 -0500] Error 830: from: CONSTANTS, VARIABLES DB: pws: 12345  : 
[Wed, 30 Mar 2016 20:37:41 -0500] Error 830: from: CONSTANTS, VARIABLES DB: schema: cpiura_shema  : 
[Wed, 30 Mar 2016 20:37:47 -0500] Error 830: from:: CONSTANT EXISTE LA SESSION, METODO NUEVO
[Wed, 30 Mar 2016 20:37:47 -0500] Error 830: from: CONSTANTS, VARIABLES DB: local: localhost  : 
[Wed, 30 Mar 2016 20:37:47 -0500] Error 830: from: CONSTANTS, VARIABLES DB: root: root  : 
[Wed, 30 Mar 2016 20:37:47 -0500] Error 830: from: CONSTANTS, VARIABLES DB: pws: 12345  : 
[Wed, 30 Mar 2016 20:37:47 -0500] Error 830: from: CONSTANTS, VARIABLES DB: schema: cpiura_shema  : 
[Wed, 30 Mar 2016 20:37:47 -0500] Error 830: from:: CONSTANT EXISTE LA SESSION, METODO NUEVO
[Wed, 30 Mar 2016 20:37:47 -0500] Error 830: from: CONSTANTS, VARIABLES DB: local: localhost  : 
[Wed, 30 Mar 2016 20:37:47 -0500] Error 830: from: CONSTANTS, VARIABLES DB: root: root  : 
[Wed, 30 Mar 2016 20:37:47 -0500] Error 830: from: CONSTANTS, VARIABLES DB: pws: 12345  : 
[Wed, 30 Mar 2016 20:37:47 -0500] Error 830: from: CONSTANTS, VARIABLES DB: schema: cpiura_shema  : 
[Wed, 30 Mar 2016 20:38:04 -0500] Error 830: from:: CONSTANT EXISTE LA SESSION, METODO NUEVO
[Wed, 30 Mar 2016 20:38:04 -0500] Error 830: from: CONSTANTS, VARIABLES DB: local: localhost  : 
[Wed, 30 Mar 2016 20:38:04 -0500] Error 830: from: CONSTANTS, VARIABLES DB: root: root  : 
[Wed, 30 Mar 2016 20:38:04 -0500] Error 830: from: CONSTANTS, VARIABLES DB: pws: 12345  : 
[Wed, 30 Mar 2016 20:38:04 -0500] Error 830: from: CONSTANTS, VARIABLES DB: schema: cpiura_shema  : 
[Wed, 30 Mar 2016 20:38:04 -0500] Error 830: from:: CONSTANT EXISTE LA SESSION, METODO NUEVO
[Wed, 30 Mar 2016 20:38:04 -0500] Error 830: from: CONSTANTS, VARIABLES DB: local: localhost  : 
[Wed, 30 Mar 2016 20:38:04 -0500] Error 830: from: CONSTANTS, VARIABLES DB: root: root  : 
[Wed, 30 Mar 2016 20:38:04 -0500] Error 830: from: CONSTANTS, VARIABLES DB: pws: 12345  : 
[Wed, 30 Mar 2016 20:38:04 -0500] Error 830: from: CONSTANTS, VARIABLES DB: schema: cpiura_shema  : 
[Wed, 30 Mar 2016 20:38:07 -0500] Error 830: from:: CONSTANT EXISTE LA SESSION, METODO NUEVO
[Wed, 30 Mar 2016 20:38:07 -0500] Error 830: from: CONSTANTS, VARIABLES DB: local: localhost  : 
[Wed, 30 Mar 2016 20:38:07 -0500] Error 830: from: CONSTANTS, VARIABLES DB: root: root  : 
[Wed, 30 Mar 2016 20:38:07 -0500] Error 830: from: CONSTANTS, VARIABLES DB: pws: 12345  : 
[Wed, 30 Mar 2016 20:38:07 -0500] Error 830: from: CONSTANTS, VARIABLES DB: schema: cpiura_shema  : 
[Wed, 30 Mar 2016 20:38:14 -0500] Error 830: from:: CONSTANT EXISTE LA SESSION, METODO NUEVO
[Wed, 30 Mar 2016 20:38:14 -0500] Error 830: from: CONSTANTS, VARIABLES DB: local: localhost  : 
[Wed, 30 Mar 2016 20:38:14 -0500] Error 830: from: CONSTANTS, VARIABLES DB: root: root  : 
[Wed, 30 Mar 2016 20:38:14 -0500] Error 830: from: CONSTANTS, VARIABLES DB: pws: 12345  : 
[Wed, 30 Mar 2016 20:38:14 -0500] Error 830: from: CONSTANTS, VARIABLES DB: schema: cpiura_shema  : 
[Wed, 30 Mar 2016 20:38:15 -0500] Error 830: from:: CONSTANT EXISTE LA SESSION, METODO NUEVO
[Wed, 30 Mar 2016 20:38:15 -0500] Error 830: from: CONSTANTS, VARIABLES DB: local: localhost  : 
[Wed, 30 Mar 2016 20:38:15 -0500] Error 830: from: CONSTANTS, VARIABLES DB: root: root  : 
[Wed, 30 Mar 2016 20:38:15 -0500] Error 830: from: CONSTANTS, VARIABLES DB: pws: 12345  : 
[Wed, 30 Mar 2016 20:38:15 -0500] Error 830: from: CONSTANTS, VARIABLES DB: schema: cpiura_shema  : 
[Wed, 30 Mar 2016 20:38:17 -0500] Error 830: from:: CONSTANT EXISTE LA SESSION, METODO NUEVO
[Wed, 30 Mar 2016 20:38:17 -0500] Error 830: from: CONSTANTS, VARIABLES DB: local: localhost  : 
[Wed, 30 Mar 2016 20:38:17 -0500] Error 830: from: CONSTANTS, VARIABLES DB: root: root  : 
[Wed, 30 Mar 2016 20:38:17 -0500] Error 830: from: CONSTANTS, VARIABLES DB: pws: 12345  : 
[Wed, 30 Mar 2016 20:38:17 -0500] Error 830: from: CONSTANTS, VARIABLES DB: schema: cpiura_shema  : 
[Wed, 30 Mar 2016 20:38:17 -0500] Error 830: from:: CONSTANT EXISTE LA SESSION, METODO NUEVO
[Wed, 30 Mar 2016 20:38:17 -0500] Error 830: from: CONSTANTS, VARIABLES DB: local: localhost  : 
[Wed, 30 Mar 2016 20:38:17 -0500] Error 830: from: CONSTANTS, VARIABLES DB: root: root  : 
[Wed, 30 Mar 2016 20:38:17 -0500] Error 830: from: CONSTANTS, VARIABLES DB: pws: 12345  : 
[Wed, 30 Mar 2016 20:38:17 -0500] Error 830: from: CONSTANTS, VARIABLES DB: schema: cpiura_shema  : 
[Wed, 30 Mar 2016 20:38:19 -0500] Error 830: from:: CONSTANT EXISTE LA SESSION, METODO NUEVO
[Wed, 30 Mar 2016 20:38:19 -0500] Error 830: from: CONSTANTS, VARIABLES DB: local: localhost  : 
[Wed, 30 Mar 2016 20:38:19 -0500] Error 830: from:: CONSTANT EXISTE LA SESSION, METODO NUEVO
[Wed, 30 Mar 2016 20:38:19 -0500] Error 830: from: CONSTANTS, VARIABLES DB: root: root  : 
[Wed, 30 Mar 2016 20:38:19 -0500] Error 830: from: CONSTANTS, VARIABLES DB: pws: 12345  : 
[Wed, 30 Mar 2016 20:38:19 -0500] Error 830: from: CONSTANTS, VARIABLES DB: local: localhost  : 
[Wed, 30 Mar 2016 20:38:19 -0500] Error 830: from: CONSTANTS, VARIABLES DB: schema: cpiura_shema  : 
[Wed, 30 Mar 2016 20:38:19 -0500] Error 830: from: CONSTANTS, VARIABLES DB: root: root  : 
[Wed, 30 Mar 2016 20:38:19 -0500] Error 830: from: CONSTANTS, VARIABLES DB: pws: 12345  : 
[Wed, 30 Mar 2016 20:38:19 -0500] Error 830: from: CONSTANTS, VARIABLES DB: schema: cpiura_shema  : 
[Wed, 30 Mar 2016 20:38:24 -0500] Error 830: from:: CONSTANT EXISTE LA SESSION, METODO NUEVO
[Wed, 30 Mar 2016 20:38:24 -0500] Error 830: from: CONSTANTS, VARIABLES DB: local: localhost  : 
[Wed, 30 Mar 2016 20:38:24 -0500] Error 830: from: CONSTANTS, VARIABLES DB: root: root  : 
[Wed, 30 Mar 2016 20:38:24 -0500] Error 830: from: CONSTANTS, VARIABLES DB: pws: 12345  : 
[Wed, 30 Mar 2016 20:38:24 -0500] Error 830: from: CONSTANTS, VARIABLES DB: schema: cpiura_shema  : 
[Wed, 30 Mar 2016 20:39:42 -0500] Error 830: from:: CONSTANT EXISTE LA SESSION, METODO NUEVO
[Wed, 30 Mar 2016 20:39:42 -0500] Error 830: from: CONSTANTS, VARIABLES DB: local: localhost  : 
[Wed, 30 Mar 2016 20:39:42 -0500] Error 830: from:: CONSTANT EXISTE LA SESSION, METODO NUEVO
[Wed, 30 Mar 2016 20:39:42 -0500] Error 830: from: CONSTANTS, VARIABLES DB: root: root  : 
[Wed, 30 Mar 2016 20:39:42 -0500] Error 830: from: CONSTANTS, VARIABLES DB: pws: 12345  : 
[Wed, 30 Mar 2016 20:39:42 -0500] Error 830: from: CONSTANTS, VARIABLES DB: local: localhost  : 
[Wed, 30 Mar 2016 20:39:42 -0500] Error 830: from: CONSTANTS, VARIABLES DB: schema: cpiura_shema  : 
[Wed, 30 Mar 2016 20:39:42 -0500] Error 830: from: CONSTANTS, VARIABLES DB: root: root  : 
[Wed, 30 Mar 2016 20:39:42 -0500] Error 830: from: CONSTANTS, VARIABLES DB: pws: 12345  : 
[Wed, 30 Mar 2016 20:39:42 -0500] Error 830: from: CONSTANTS, VARIABLES DB: schema: cpiura_shema  : 
[Wed, 30 Mar 2016 20:40:28 -0500] Error 830: from:: CONSTANT EXISTE LA SESSION, METODO NUEVO
[Wed, 30 Mar 2016 20:40:28 -0500] Error 830: from: CONSTANTS, VARIABLES DB: local: localhost  : 
[Wed, 30 Mar 2016 20:40:28 -0500] Error 830: from: CONSTANTS, VARIABLES DB: root: root  : 
[Wed, 30 Mar 2016 20:40:29 -0500] Error 830: from: CONSTANTS, VARIABLES DB: pws: 12345  : 
[Wed, 30 Mar 2016 20:40:29 -0500] Error 830: from: CONSTANTS, VARIABLES DB: schema: cpiura_shema  : 
[Wed, 30 Mar 2016 20:40:29 -0500] Error 830: from:: CONSTANT EXISTE LA SESSION, METODO NUEVO
[Wed, 30 Mar 2016 20:40:29 -0500] Error 830: from: CONSTANTS, VARIABLES DB: local: localhost  : 
[Wed, 30 Mar 2016 20:40:29 -0500] Error 830: from: CONSTANTS, VARIABLES DB: root: root  : 
[Wed, 30 Mar 2016 20:40:29 -0500] Error 830: from: CONSTANTS, VARIABLES DB: pws: 12345  : 
[Wed, 30 Mar 2016 20:40:29 -0500] Error 830: from: CONSTANTS, VARIABLES DB: schema: cpiura_shema  : 
[Wed, 30 Mar 2016 20:40:43 -0500] Error 830: from:: CONSTANT EXISTE LA SESSION, METODO NUEVO
[Wed, 30 Mar 2016 20:40:43 -0500] Error 830: from: CONSTANTS, VARIABLES DB: local: localhost  : 
[Wed, 30 Mar 2016 20:40:43 -0500] Error 830: from: CONSTANTS, VARIABLES DB: root: root  : 
[Wed, 30 Mar 2016 20:40:43 -0500] Error 830: from: CONSTANTS, VARIABLES DB: pws: 12345  : 
[Wed, 30 Mar 2016 20:40:43 -0500] Error 830: from: CONSTANTS, VARIABLES DB: schema: cpiura_shema  : 
[Wed, 30 Mar 2016 20:40:43 -0500] Error 830: from:: CONSTANT EXISTE LA SESSION, METODO NUEVO
[Wed, 30 Mar 2016 20:40:43 -0500] Error 830: from: CONSTANTS, VARIABLES DB: local: localhost  : 
[Wed, 30 Mar 2016 20:40:43 -0500] Error 830: from: CONSTANTS, VARIABLES DB: root: root  : 
[Wed, 30 Mar 2016 20:40:43 -0500] Error 830: from: CONSTANTS, VARIABLES DB: pws: 12345  : 
[Wed, 30 Mar 2016 20:40:43 -0500] Error 830: from: CONSTANTS, VARIABLES DB: schema: cpiura_shema  : 
[Wed, 30 Mar 2016 20:40:43 -0500] Error 830: from:: CONSTANT EXISTE LA SESSION, METODO NUEVO
[Wed, 30 Mar 2016 20:40:43 -0500] Error 830: from: CONSTANTS, VARIABLES DB: local: localhost  : 
[Wed, 30 Mar 2016 20:40:43 -0500] Error 830: from: CONSTANTS, VARIABLES DB: root: root  : 
[Wed, 30 Mar 2016 20:40:43 -0500] Error 830: from: CONSTANTS, VARIABLES DB: pws: 12345  : 
[Wed, 30 Mar 2016 20:40:43 -0500] Error 830: from: CONSTANTS, VARIABLES DB: schema: cpiura_shema  : 
[Wed, 30 Mar 2016 20:40:53 -0500] Error 830: from:: CONSTANT EXISTE LA SESSION, METODO NUEVO
[Wed, 30 Mar 2016 20:40:53 -0500] Error 830: from: CONSTANTS, VARIABLES DB: local: localhost  : 
[Wed, 30 Mar 2016 20:40:53 -0500] Error 830: from: CONSTANTS, VARIABLES DB: root: root  : 
[Wed, 30 Mar 2016 20:40:53 -0500] Error 830: from: CONSTANTS, VARIABLES DB: pws: 12345  : 
[Wed, 30 Mar 2016 20:40:53 -0500] Error 830: from: CONSTANTS, VARIABLES DB: schema: cpiura_shema  : 
[Wed, 30 Mar 2016 20:40:54 -0500] Error 830: from:: CONSTANT EXISTE LA SESSION, METODO NUEVO
[Wed, 30 Mar 2016 20:40:54 -0500] Error 830: from: CONSTANTS, VARIABLES DB: local: localhost  : 
[Wed, 30 Mar 2016 20:40:54 -0500] Error 830: from: CONSTANTS, VARIABLES DB: root: root  : 
[Wed, 30 Mar 2016 20:40:54 -0500] Error 830: from: CONSTANTS, VARIABLES DB: pws: 12345  : 
[Wed, 30 Mar 2016 20:40:54 -0500] Error 830: from: CONSTANTS, VARIABLES DB: schema: cpiura_shema  : 
[Wed, 30 Mar 2016 20:40:55 -0500] Error 830: from:: CONSTANT EXISTE LA SESSION, METODO NUEVO
[Wed, 30 Mar 2016 20:40:55 -0500] Error 830: from: CONSTANTS, VARIABLES DB: local: localhost  : 
[Wed, 30 Mar 2016 20:40:55 -0500] Error 830: from: CONSTANTS, VARIABLES DB: root: root  : 
[Wed, 30 Mar 2016 20:40:55 -0500] Error 830: from: CONSTANTS, VARIABLES DB: pws: 12345  : 
[Wed, 30 Mar 2016 20:40:55 -0500] Error 830: from: CONSTANTS, VARIABLES DB: schema: cpiura_shema  : 
[Wed, 30 Mar 2016 20:40:56 -0500] Error 830: from:: CONSTANT EXISTE LA SESSION, METODO NUEVO
[Wed, 30 Mar 2016 20:40:56 -0500] Error 830: from: CONSTANTS, VARIABLES DB: local: localhost  : 
[Wed, 30 Mar 2016 20:40:56 -0500] Error 830: from: CONSTANTS, VARIABLES DB: root: root  : 
[Wed, 30 Mar 2016 20:40:56 -0500] Error 830: from: CONSTANTS, VARIABLES DB: pws: 12345  : 
[Wed, 30 Mar 2016 20:40:56 -0500] Error 830: from: CONSTANTS, VARIABLES DB: schema: cpiura_shema  : 
[Wed, 30 Mar 2016 20:40:59 -0500] Error 830: from:: CONSTANT EXISTE LA SESSION, METODO NUEVO
[Wed, 30 Mar 2016 20:40:59 -0500] Error 830: from: CONSTANTS, VARIABLES DB: local: localhost  : 
[Wed, 30 Mar 2016 20:40:59 -0500] Error 830: from: CONSTANTS, VARIABLES DB: root: root  : 
[Wed, 30 Mar 2016 20:40:59 -0500] Error 830: from: CONSTANTS, VARIABLES DB: pws: 12345  : 
[Wed, 30 Mar 2016 20:40:59 -0500] Error 830: from: CONSTANTS, VARIABLES DB: schema: cpiura_shema  : 
[Wed, 30 Mar 2016 20:40:59 -0500] Error 830: from:: CONSTANT EXISTE LA SESSION, METODO NUEVO
[Wed, 30 Mar 2016 20:40:59 -0500] Error 830: from: CONSTANTS, VARIABLES DB: local: localhost  : 
[Wed, 30 Mar 2016 20:40:59 -0500] Error 830: from: CONSTANTS, VARIABLES DB: root: root  : 
[Wed, 30 Mar 2016 20:40:59 -0500] Error 830: from: CONSTANTS, VARIABLES DB: pws: 12345  : 
[Wed, 30 Mar 2016 20:40:59 -0500] Error 830: from: CONSTANTS, VARIABLES DB: schema: cpiura_shema  : 
[Wed, 30 Mar 2016 20:41:01 -0500] Error 830: from:: CONSTANT EXISTE LA SESSION, METODO NUEVO
[Wed, 30 Mar 2016 20:41:01 -0500] Error 830: from: CONSTANTS, VARIABLES DB: local: localhost  : 
[Wed, 30 Mar 2016 20:41:01 -0500] Error 830: from:: CONSTANT EXISTE LA SESSION, METODO NUEVO
[Wed, 30 Mar 2016 20:41:01 -0500] Error 830: from: CONSTANTS, VARIABLES DB: root: root  : 
[Wed, 30 Mar 2016 20:41:01 -0500] Error 830: from: CONSTANTS, VARIABLES DB: pws: 12345  : 
[Wed, 30 Mar 2016 20:41:01 -0500] Error 830: from: CONSTANTS, VARIABLES DB: local: localhost  : 
[Wed, 30 Mar 2016 20:41:01 -0500] Error 830: from: CONSTANTS, VARIABLES DB: root: root  : 
hema  : 
[Wed, 30 Mar 2016 20:41:01 -0500] Error 830: from: CONSTANTS, VARIABLES DB: pws: 12345  : 
[Wed, 30 Mar 2016 20:41:01 -0500] Error 830: from: CONSTANTS, VARIABLES DB: schema: cpiura_shema  : 
[Wed, 30 Mar 2016 20:41:01 -0500] Error 830: from:: CONSTANT EXISTE LA SESSION, METODO NUEVO
[Wed, 30 Mar 2016 20:41:01 -0500] Error 830: from: CONSTANTS, VARIABLES DB: local: localhost  : 
[Wed, 30 Mar 2016 20:41:01 -0500] Error 830: from: CONSTANTS, VARIABLES DB: root: root  : 
[Wed, 30 Mar 2016 20:41:01 -0500] Error 830: from: CONSTANTS, VARIABLES DB: pws: 12345  : 
[Wed, 30 Mar 2016 20:41:01 -0500] Error 830: from: CONSTANTS, VARIABLES DB: schema: cpiura_shema  : 
[Wed, 30 Mar 2016 20:41:01 -0500] Error 830: from:: CONSTANT EXISTE LA SESSION, METODO NUEVO
[Wed, 30 Mar 2016 20:41:01 -0500] Error 830: from: CONSTANTS, VARIABLES DB: local: localhost  : 
[Wed, 30 Mar 2016 20:41:01 -0500] Error 830: from: CONSTANTS, VARIABLES DB: root: root  : 
[Wed, 30 Mar 2016 20:41:01 -0500] Error 830: from: CONSTANTS, VARIABLES DB: pws: 12345  : 
[Wed, 30 Mar 2016 20:41:01 -0500] Error 830: from: CONSTANTS, VARIABLES DB: schema: cpiura_shema  : 
[Wed, 30 Mar 2016 20:41:01 -0500] Error 830: from:: CONSTANT EXISTE LA SESSION, METODO NUEVO
[Wed, 30 Mar 2016 20:41:01 -0500] Error 830: from: CONSTANTS, VARIABLES DB: local: localhost  : 
[Wed, 30 Mar 2016 20:41:01 -0500] Error 830: from: CONSTANTS, VARIABLES DB: root: root  : 
[Wed, 30 Mar 2016 20:41:01 -0500] Error 830: from: CONSTANTS, VARIABLES DB: pws: 12345  : 
[Wed, 30 Mar 2016 20:41:01 -0500] Error 830: from: CONSTANTS, VARIABLES DB: schema: cpiura_shema  : 
[Wed, 30 Mar 2016 20:41:03 -0500] Error 830: from:: CONSTANT EXISTE LA SESSION, METODO NUEVO
[Wed, 30 Mar 2016 20:41:03 -0500] Error 830: from: CONSTANTS, VARIABLES DB: local: localhost  : 
[Wed, 30 Mar 2016 20:41:03 -0500] Error 830: from: CONSTANTS, VARIABLES DB: root: root  : 
[Wed, 30 Mar 2016 20:41:03 -0500] Error 830: from: CONSTANTS, VARIABLES DB: pws: 12345  : 
[Wed, 30 Mar 2016 20:41:03 -0500] Error 830: from: CONSTANTS, VARIABLES DB: schema: cpiura_shema  : 
[Wed, 30 Mar 2016 20:41:03 -0500] Error 830: from:: CONSTANT EXISTE LA SESSION, METODO NUEVO
[Wed, 30 Mar 2016 20:41:03 -0500] Error 830: from: CONSTANTS, VARIABLES DB: local: localhost  : 
[Wed, 30 Mar 2016 20:41:03 -0500] Error 830: from: CONSTANTS, VARIABLES DB: root: root  : 
[Wed, 30 Mar 2016 20:41:03 -0500] Error 830: from: CONSTANTS, VARIABLES DB: pws: 12345  : 
[Wed, 30 Mar 2016 20:41:03 -0500] Error 830: from: CONSTANTS, VARIABLES DB: schema: cpiura_shema  : 
[Wed, 30 Mar 2016 20:43:22 -0500] Error 830: from:: CONSTANT EXISTE LA SESSION, METODO NUEVO
[Wed, 30 Mar 2016 20:43:22 -0500] Error 830: from: CONSTANTS, VARIABLES DB: local: localhost  : 
[Wed, 30 Mar 2016 20:43:22 -0500] Error 830: from: CONSTANTS, VARIABLES DB: root: root  : 
[Wed, 30 Mar 2016 20:43:22 -0500] Error 830: from: CONSTANTS, VARIABLES DB: pws: 12345  : 
[Wed, 30 Mar 2016 20:43:22 -0500] Error 830: from: CONSTANTS, VARIABLES DB: schema: cpiura_shema  : 
[Wed, 30 Mar 2016 20:43:22 -0500] Error 830: from:: CONSTANT EXISTE LA SESSION, METODO NUEVO
[Wed, 30 Mar 2016 20:43:22 -0500] Error 830: from: CONSTANTS, VARIABLES DB: local: localhost  : 
[Wed, 30 Mar 2016 20:43:22 -0500] Error 830: from: CONSTANTS, VARIABLES DB: root: root  : 
[Wed, 30 Mar 2016 20:43:22 -0500] Error 830: from: CONSTANTS, VARIABLES DB: pws: 12345  : 
[Wed, 30 Mar 2016 20:43:22 -0500] Error 830: from: CONSTANTS, VARIABLES DB: schema: cpiura_shema  : 
[Wed, 30 Mar 2016 20:43:22 -0500] Error 830: from:: CONSTANT EXISTE LA SESSION, METODO NUEVO
[Wed, 30 Mar 2016 20:43:22 -0500] Error 830: from: CONSTANTS, VARIABLES DB: local: localhost  : 
[Wed, 30 Mar 2016 20:43:22 -0500] Error 830: from: CONSTANTS, VARIABLES DB: root: root  : 
[Wed, 30 Mar 2016 20:43:22 -0500] Error 830: from: CONSTANTS, VARIABLES DB: pws: 12345  : 
[Wed, 30 Mar 2016 20:43:22 -0500] Error 830: from: CONSTANTS, VARIABLES DB: schema: cpiura_shema  : 
[Wed, 30 Mar 2016 20:43:30 -0500] Error 830: from:: CONSTANT EXISTE LA SESSION, METODO NUEVO
[Wed, 30 Mar 2016 20:43:30 -0500] Error 830: from: CONSTANTS, VARIABLES DB: local: localhost  : 
[Wed, 30 Mar 2016 20:43:30 -0500] Error 830: from: CONSTANTS, VARIABLES DB: root: root  : 
[Wed, 30 Mar 2016 20:43:30 -0500] Error 830: from: CONSTANTS, VARIABLES DB: pws: 12345  : 
[Wed, 30 Mar 2016 20:43:30 -0500] Error 830: from: CONSTANTS, VARIABLES DB: schema: cpiura_shema  : 
[Wed, 30 Mar 2016 20:43:31 -0500] Error 830: from:: CONSTANT EXISTE LA SESSION, METODO NUEVO
[Wed, 30 Mar 2016 20:43:31 -0500] Error 830: from: CONSTANTS, VARIABLES DB: local: localhost  : 
[Wed, 30 Mar 2016 20:43:31 -0500] Error 830: from: CONSTANTS, VARIABLES DB: root: root  : 
[Wed, 30 Mar 2016 20:43:31 -0500] Error 830: from: CONSTANTS, VARIABLES DB: pws: 12345  : 
[Wed, 30 Mar 2016 20:43:31 -0500] Error 830: from: CONSTANTS, VARIABLES DB: schema: cpiura_shema  : 
[Wed, 30 Mar 2016 20:43:32 -0500] Error 830: from:: CONSTANT EXISTE LA SESSION, METODO NUEVO
[Wed, 30 Mar 2016 20:43:32 -0500] Error 830: from: CONSTANTS, VARIABLES DB: local: localhost  : 
[Wed, 30 Mar 2016 20:43:32 -0500] Error 830: from: CONSTANTS, VARIABLES DB: root: root  : 
[Wed, 30 Mar 2016 20:43:32 -0500] Error 830: from: CONSTANTS, VARIABLES DB: pws: 12345  : 
[Wed, 30 Mar 2016 20:43:32 -0500] Error 830: from: CONSTANTS, VARIABLES DB: schema: cpiura_shema  : 
[Wed, 30 Mar 2016 20:43:34 -0500] Error 830: from:: CONSTANT EXISTE LA SESSION, METODO NUEVO
[Wed, 30 Mar 2016 20:43:34 -0500] Error 830: from: CONSTANTS, VARIABLES DB: local: localhost  : 
[Wed, 30 Mar 2016 20:43:34 -0500] Error 830: from: CONSTANTS, VARIABLES DB: root: root  : 
[Wed, 30 Mar 2016 20:43:34 -0500] Error 830: from: CONSTANTS, VARIABLES DB: pws: 12345  : 
[Wed, 30 Mar 2016 20:43:34 -0500] Error 830: from: CONSTANTS, VARIABLES DB: schema: cpiura_shema  : 
[Wed, 30 Mar 2016 20:43:34 -0500] Error 830: from:: CONSTANT EXISTE LA SESSION, METODO NUEVO
[Wed, 30 Mar 2016 20:43:34 -0500] Error 830: from: CONSTANTS, VARIABLES DB: local: localhost  : 
[Wed, 30 Mar 2016 20:43:34 -0500] Error 830: from: CONSTANTS, VARIABLES DB: root: root  : 
[Wed, 30 Mar 2016 20:43:34 -0500] Error 830: from: CONSTANTS, VARIABLES DB: pws: 12345  : 
[Wed, 30 Mar 2016 20:43:34 -0500] Error 830: from: CONSTANTS, VARIABLES DB: schema: cpiura_shema  : 
[Wed, 30 Mar 2016 20:43:35 -0500] Error 830: from:: CONSTANT EXISTE LA SESSION, METODO NUEVO
[Wed, 30 Mar 2016 20:43:35 -0500] Error 830: from:: CONSTANT EXISTE LA SESSION, METODO NUEVO
: 
[Wed, 30 Mar 2016 20:43:35 -0500] Error 830: from: CONSTANTS, VARIABLES DB: root: root  : 
[Wed, 30 Mar 2016 20:43:35 -0500] Error 830: from: CONSTANTS, VARIABLES DB: local: localhost  : 
[Wed, 30 Mar 2016 20:43:35 -0500] Error 830: from: CONSTANTS, VARIABLES DB: pws: 12345  : 
[Wed, 30 Mar 2016 20:43:35 -0500] Error 830: from: CONSTANTS, VARIABLES DB: root: root  : 
[Wed, 30 Mar 2016 20:43:35 -0500] Error 830: from: CONSTANTS, VARIABLES DB: schema: cpiura_shema  : 
[Wed, 30 Mar 2016 20:43:35 -0500] Error 830: from: CONSTANTS, VARIABLES DB: pws: 12345  : 
[Wed, 30 Mar 2016 20:43:35 -0500] Error 830: from: CONSTANTS, VARIABLES DB: schema: cpiura_shema  : 
[Wed, 30 Mar 2016 20:43:35 -0500] Error 830: from:: CONSTANT EXISTE LA SESSION, METODO NUEVO
[Wed, 30 Mar 2016 20:43:35 -0500] Error 830: from: CONSTANTS, VARIABLES DB: local: localhost  : 
[Wed, 30 Mar 2016 20:43:35 -0500] Error 830: from: CONSTANTS, VARIABLES DB: root: root  : 
[Wed, 30 Mar 2016 20:43:35 -0500] Error 830: from: CONSTANTS, VARIABLES DB: pws: 12345  : 
[Wed, 30 Mar 2016 20:43:35 -0500] Error 830: from: CONSTANTS, VARIABLES DB: schema: cpiura_shema  : 
[Wed, 30 Mar 2016 20:43:40 -0500] Error 830: from:: CONSTANT EXISTE LA SESSION, METODO NUEVO
[Wed, 30 Mar 2016 20:43:40 -0500] Error 830: from: CONSTANTS, VARIABLES DB: local: localhost  : 
[Wed, 30 Mar 2016 20:43:40 -0500] Error 830: from: CONSTANTS, VARIABLES DB: root: root  : 
[Wed, 30 Mar 2016 20:43:40 -0500] Error 830: from: CONSTANTS, VARIABLES DB: pws: 12345  : 
[Wed, 30 Mar 2016 20:43:40 -0500] Error 830: from: CONSTANTS, VARIABLES DB: schema: cpiura_shema  : 
[Wed, 30 Mar 2016 20:43:40 -0500] Error 830: from:: CONSTANT EXISTE LA SESSION, METODO NUEVO
[Wed, 30 Mar 2016 20:43:40 -0500] Error 830: from: CONSTANTS, VARIABLES DB: local: localhost  : 
[Wed, 30 Mar 2016 20:43:40 -0500] Error 830: from: CONSTANTS, VARIABLES DB: root: root  : 
[Wed, 30 Mar 2016 20:43:40 -0500] Error 830: from: CONSTANTS, VARIABLES DB: pws: 12345  : 
[Wed, 30 Mar 2016 20:43:40 -0500] Error 830: from: CONSTANTS, VARIABLES DB: schema: cpiura_shema  : 
[Wed, 30 Mar 2016 20:44:59 -0500] Error 830: from:: CONSTANT EXISTE LA SESSION, METODO NUEVO
[Wed, 30 Mar 2016 20:44:59 -0500] Error 830: from: CONSTANTS, VARIABLES DB: local: localhost  : 
[Wed, 30 Mar 2016 20:44:59 -0500] Error 830: from: CONSTANTS, VARIABLES DB: root: root  : 
[Wed, 30 Mar 2016 20:44:59 -0500] Error 830: from: CONSTANTS, VARIABLES DB: pws: 12345  : 
[Wed, 30 Mar 2016 20:44:59 -0500] Error 830: from: CONSTANTS, VARIABLES DB: schema: cpiura_shema  : 
[Wed, 30 Mar 2016 20:44:59 -0500] Error 830: from:: CONSTANT EXISTE LA SESSION, METODO NUEVO
[Wed, 30 Mar 2016 20:44:59 -0500] Error 830: from: CONSTANTS, VARIABLES DB: local: localhost  : 
[Wed, 30 Mar 2016 20:44:59 -0500] Error 830: from: CONSTANTS, VARIABLES DB: root: root  : 
[Wed, 30 Mar 2016 20:44:59 -0500] Error 830: from: CONSTANTS, VARIABLES DB: pws: 12345  : 
[Wed, 30 Mar 2016 20:44:59 -0500] Error 830: from: CONSTANTS, VARIABLES DB: schema: cpiura_shema  : 
[Wed, 30 Mar 2016 20:45:12 -0500] Error 830: from:: CONSTANT EXISTE LA SESSION, METODO NUEVO
[Wed, 30 Mar 2016 20:45:12 -0500] Error 830: from: CONSTANTS, VARIABLES DB: local: localhost  : 
[Wed, 30 Mar 2016 20:45:12 -0500] Error 830: from: CONSTANTS, VARIABLES DB: root: root  : 
[Wed, 30 Mar 2016 20:45:12 -0500] Error 830: from: CONSTANTS, VARIABLES DB: pws: 12345  : 
[Wed, 30 Mar 2016 20:45:12 -0500] Error 830: from: CONSTANTS, VARIABLES DB: schema: cpiura_shema  : 
[Wed, 30 Mar 2016 20:45:13 -0500] Error 830: from:: CONSTANT EXISTE LA SESSION, METODO NUEVO
[Wed, 30 Mar 2016 20:45:13 -0500] Error 830: from: CONSTANTS, VARIABLES DB: local: localhost  : 
[Wed, 30 Mar 2016 20:45:13 -0500] Error 830: from: CONSTANTS, VARIABLES DB: root: root  : 
[Wed, 30 Mar 2016 20:45:13 -0500] Error 830: from: CONSTANTS, VARIABLES DB: pws: 12345  : 
[Wed, 30 Mar 2016 20:45:13 -0500] Error 830: from: CONSTANTS, VARIABLES DB: schema: cpiura_shema  : 
[Wed, 30 Mar 2016 20:45:20 -0500] Error 830: from:: CONSTANT EXISTE LA SESSION, METODO NUEVO
[Wed, 30 Mar 2016 20:45:20 -0500] Error 830: from: CONSTANTS, VARIABLES DB: local: localhost  : 
[Wed, 30 Mar 2016 20:45:20 -0500] Error 830: from: CONSTANTS, VARIABLES DB: root: root  : 
[Wed, 30 Mar 2016 20:45:20 -0500] Error 830: from: CONSTANTS, VARIABLES DB: pws: 12345  : 
[Wed, 30 Mar 2016 20:45:20 -0500] Error 830: from: CONSTANTS, VARIABLES DB: schema: cpiura_shema  : 
[Wed, 30 Mar 2016 20:45:23 -0500] Error 830: from:: CONSTANT EXISTE LA SESSION, METODO NUEVO
[Wed, 30 Mar 2016 20:45:23 -0500] Error 830: from:: CONSTANT EXISTE LA SESSION, METODO NUEVO
[Wed, 30 Mar 2016 20:45:23 -0500] Error 830: from: CONSTANTS, VARIABLES DB: local: localhost  : 
[Wed, 30 Mar 2016 20:45:23 -0500] Error 830: from: CONSTANTS, VARIABLES DB: root: root  : 
[Wed, 30 Mar 2016 20:45:23 -0500] Error 830: from: CONSTANTS, VARIABLES DB: local: localhost  : 
[Wed, 30 Mar 2016 20:45:23 -0500] Error 830: from: CONSTANTS, VARIABLES DB: pws: 12345  : 
[Wed, 30 Mar 2016 20:45:23 -0500] Error 830: from: CONSTANTS, VARIABLES DB: root: root  : 
[Wed, 30 Mar 2016 20:45:23 -0500] Error 830: from: CONSTANTS, VARIABLES DB: schema: cpiura_shema  : 
[Wed, 30 Mar 2016 20:45:23 -0500] Error 830: from: CONSTANTS, VARIABLES DB: pws: 12345  : 
[Wed, 30 Mar 2016 20:45:23 -0500] Error 830: from: CONSTANTS, VARIABLES DB: schema: cpiura_shema  : 
[Wed, 30 Mar 2016 20:45:23 -0500] Error 830: from:: CONSTANT EXISTE LA SESSION, METODO NUEVO
[Wed, 30 Mar 2016 20:45:23 -0500] Error 830: from: CONSTANTS, VARIABLES DB: local: localhost  : 
[Wed, 30 Mar 2016 20:45:23 -0500] Error 830: from: CONSTANTS, VARIABLES DB: root: root  : 
[Wed, 30 Mar 2016 20:45:23 -0500] Error 830: from: CONSTANTS, VARIABLES DB: pws: 12345  : 
[Wed, 30 Mar 2016 20:45:23 -0500] Error 830: from: CONSTANTS, VARIABLES DB: schema: cpiura_shema  : 
[Wed, 30 Mar 2016 20:45:23 -0500] Error 830: from:: CONSTANT EXISTE LA SESSION, METODO NUEVO
[Wed, 30 Mar 2016 20:45:23 -0500] Error 830: from: CONSTANTS, VARIABLES DB: local: localhost  : 
[Wed, 30 Mar 2016 20:45:23 -0500] Error 830: from: CONSTANTS, VARIABLES DB: root: root  : 
[Wed, 30 Mar 2016 20:45:23 -0500] Error 830: from: CONSTANTS, VARIABLES DB: pws: 12345  : 
[Wed, 30 Mar 2016 20:45:23 -0500] Error 830: from: CONSTANTS, VARIABLES DB: schema: cpiura_shema  : 
[Wed, 30 Mar 2016 20:45:26 -0500] Error 830: from:: CONSTANT EXISTE LA SESSION, METODO NUEVO
[Wed, 30 Mar 2016 20:45:26 -0500] Error 830: from: CONSTANTS, VARIABLES DB: local: localhost  : 
[Wed, 30 Mar 2016 20:45:26 -0500] Error 830: from: CONSTANTS, VARIABLES DB: root: root  : 
[Wed, 30 Mar 2016 20:45:26 -0500] Error 830: from: CONSTANTS, VARIABLES DB: pws: 12345  : 
[Wed, 30 Mar 2016 20:45:26 -0500] Error 830: from: CONSTANTS, VARIABLES DB: schema: cpiura_shema  : 
[Wed, 30 Mar 2016 20:45:26 -0500] Error 830: from:: CONSTANT EXISTE LA SESSION, METODO NUEVO
[Wed, 30 Mar 2016 20:45:26 -0500] Error 830: from: CONSTANTS, VARIABLES DB: local: localhost  : 
[Wed, 30 Mar 2016 20:45:26 -0500] Error 830: from: CONSTANTS, VARIABLES DB: root: root  : 
[Wed, 30 Mar 2016 20:45:26 -0500] Error 830: from: CONSTANTS, VARIABLES DB: pws: 12345  : 
[Wed, 30 Mar 2016 20:45:26 -0500] Error 830: from: CONSTANTS, VARIABLES DB: schema: cpiura_shema  : 
[Wed, 30 Mar 2016 20:45:26 -0500] Error 830: from:: CONSTANT EXISTE LA SESSION, METODO NUEVO
[Wed, 30 Mar 2016 20:45:26 -0500] Error 830: from: CONSTANTS, VARIABLES DB: local: localhost  : 
[Wed, 30 Mar 2016 20:45:26 -0500] Error 830: from: CONSTANTS, VARIABLES DB: root: root  : 
[Wed, 30 Mar 2016 20:45:26 -0500] Error 830: from: CONSTANTS, VARIABLES DB: pws: 12345  : 
[Wed, 30 Mar 2016 20:45:26 -0500] Error 830: from: CONSTANTS, VARIABLES DB: schema: cpiura_shema  : 
[Wed, 30 Mar 2016 20:45:28 -0500] Error 830: from:: CONSTANT EXISTE LA SESSION, METODO NUEVO
[Wed, 30 Mar 2016 20:45:28 -0500] Error 830: from: CONSTANTS, VARIABLES DB: local: localhost  : 
[Wed, 30 Mar 2016 20:45:28 -0500] Error 830: from: CONSTANTS, VARIABLES DB: root: root  : 
[Wed, 30 Mar 2016 20:45:28 -0500] Error 830: from: CONSTANTS, VARIABLES DB: pws: 12345  : 
[Wed, 30 Mar 2016 20:45:28 -0500] Error 830: from: CONSTANTS, VARIABLES DB: schema: cpiura_shema  : 
[Wed, 30 Mar 2016 20:45:28 -0500] Error 830: from:: CONSTANT EXISTE LA SESSION, METODO NUEVO
[Wed, 30 Mar 2016 20:45:28 -0500] Error 830: from: CONSTANTS, VARIABLES DB: local: localhost  : 
[Wed, 30 Mar 2016 20:45:28 -0500] Error 830: from: CONSTANTS, VARIABLES DB: root: root  : 
[Wed, 30 Mar 2016 20:45:28 -0500] Error 830: from: CONSTANTS, VARIABLES DB: pws: 12345  : 
[Wed, 30 Mar 2016 20:45:28 -0500] Error 830: from: CONSTANTS, VARIABLES DB: schema: cpiura_shema  : 
[Wed, 30 Mar 2016 20:45:32 -0500] Error 830: from:: CONSTANT EXISTE LA SESSION, METODO NUEVO
[Wed, 30 Mar 2016 20:45:32 -0500] Error 830: from: CONSTANTS, VARIABLES DB: local: localhost  : 
[Wed, 30 Mar 2016 20:45:32 -0500] Error 830: from: CONSTANTS, VARIABLES DB: root: root  : 
[Wed, 30 Mar 2016 20:45:32 -0500] Error 830: from: CONSTANTS, VARIABLES DB: pws: 12345  : 
[Wed, 30 Mar 2016 20:45:32 -0500] Error 830: from: CONSTANTS, VARIABLES DB: schema: cpiura_shema  : 
[Wed, 30 Mar 2016 20:51:33 -0500] Error 830: from:: CONSTANT EXISTE LA SESSION, METODO NUEVO
[Wed, 30 Mar 2016 20:51:33 -0500] Error 830: from: CONSTANTS, VARIABLES DB: local: localhost  : 
[Wed, 30 Mar 2016 20:51:33 -0500] Error 830: from: CONSTANTS, VARIABLES DB: root: root  : 
[Wed, 30 Mar 2016 20:51:33 -0500] Error 830: from: CONSTANTS, VARIABLES DB: pws: 12345  : 
[Wed, 30 Mar 2016 20:51:33 -0500] Error 830: from: CONSTANTS, VARIABLES DB: schema: cpiura_shema  : 
[Wed, 30 Mar 2016 20:52:22 -0500] Error 830: from:: CONSTANT EXISTE LA SESSION, METODO NUEVO
[Wed, 30 Mar 2016 20:52:22 -0500] Error 830: from: CONSTANTS, VARIABLES DB: local: localhost  : 
[Wed, 30 Mar 2016 20:52:22 -0500] Error 830: from: CONSTANTS, VARIABLES DB: root: root  : 
[Wed, 30 Mar 2016 20:52:22 -0500] Error 830: from: CONSTANTS, VARIABLES DB: pws: 12345  : 
[Wed, 30 Mar 2016 20:52:22 -0500] Error 830: from: CONSTANTS, VARIABLES DB: schema: cpiura_shema  : 
[Wed, 30 Mar 2016 20:52:22 -0500] Error 830: from:: CONSTANT EXISTE LA SESSION, METODO NUEVO
[Wed, 30 Mar 2016 20:52:22 -0500] Error 830: from: CONSTANTS, VARIABLES DB: local: localhost  : 
[Wed, 30 Mar 2016 20:52:22 -0500] Error 830: from: CONSTANTS, VARIABLES DB: root: root  : 
[Wed, 30 Mar 2016 20:52:22 -0500] Error 830: from: CONSTANTS, VARIABLES DB: pws: 12345  : 
[Wed, 30 Mar 2016 20:52:22 -0500] Error 830: from: CONSTANTS, VARIABLES DB: schema: cpiura_shema  : 
[Wed, 30 Mar 2016 20:58:31 -0500] Error 830: from:: CONSTANT EXISTE LA SESSION, METODO NUEVO
[Wed, 30 Mar 2016 20:58:31 -0500] Error 830: from: CONSTANTS, VARIABLES DB: local: localhost  : 
[Wed, 30 Mar 2016 20:58:31 -0500] Error 830: from: CONSTANTS, VARIABLES DB: root: root  : 
[Wed, 30 Mar 2016 20:58:31 -0500] Error 830: from: CONSTANTS, VARIABLES DB: pws: 12345  : 
[Wed, 30 Mar 2016 20:58:31 -0500] Error 830: from: CONSTANTS, VARIABLES DB: schema: cpiura_shema  : 
[Wed, 30 Mar 2016 20:58:31 -0500] Error 830: from:: CONSTANT EXISTE LA SESSION, METODO NUEVO
[Wed, 30 Mar 2016 20:58:31 -0500] Error 830: from: CONSTANTS, VARIABLES DB: local: localhost  : 
[Wed, 30 Mar 2016 20:58:31 -0500] Error 830: from: CONSTANTS, VARIABLES DB: root: root  : 
[Wed, 30 Mar 2016 20:58:31 -0500] Error 830: from: CONSTANTS, VARIABLES DB: pws: 12345  : 
[Wed, 30 Mar 2016 20:58:31 -0500] Error 830: from: CONSTANTS, VARIABLES DB: schema: cpiura_shema  : 
[Wed, 30 Mar 2016 20:58:53 -0500] Error 830: from:: CONSTANT EXISTE LA SESSION, METODO NUEVO
[Wed, 30 Mar 2016 20:58:53 -0500] Error 830: from: CONSTANTS, VARIABLES DB: local: localhost  : 
[Wed, 30 Mar 2016 20:58:53 -0500] Error 830: from: CONSTANTS, VARIABLES DB: root: root  : 
[Wed, 30 Mar 2016 20:58:53 -0500] Error 830: from: CONSTANTS, VARIABLES DB: pws: 12345  : 
[Wed, 30 Mar 2016 20:58:53 -0500] Error 830: from: CONSTANTS, VARIABLES DB: schema: cpiura_shema  : 
[Wed, 30 Mar 2016 20:58:55 -0500] Error 830: from:: CONSTANT EXISTE LA SESSION, METODO NUEVO
[Wed, 30 Mar 2016 20:58:55 -0500] Error 830: from: CONSTANTS, VARIABLES DB: local: localhost  : 
[Wed, 30 Mar 2016 20:58:55 -0500] Error 830: from: CONSTANTS, VARIABLES DB: root: root  : 
[Wed, 30 Mar 2016 20:58:55 -0500] Error 830: from: CONSTANTS, VARIABLES DB: pws: 12345  : 
[Wed, 30 Mar 2016 20:58:55 -0500] Error 830: from: CONSTANTS, VARIABLES DB: schema: cpiura_shema  : 
[Wed, 30 Mar 2016 20:58:55 -0500] Error 830: from:: CONSTANT EXISTE LA SESSION, METODO NUEVO
[Wed, 30 Mar 2016 20:58:55 -0500] Error 830: from: CONSTANTS, VARIABLES DB: local: localhost  : 
[Wed, 30 Mar 2016 20:58:55 -0500] Error 830: from: CONSTANTS, VARIABLES DB: root: root  : 
[Wed, 30 Mar 2016 20:58:55 -0500] Error 830: from: CONSTANTS, VARIABLES DB: pws: 12345  : 
[Wed, 30 Mar 2016 20:58:55 -0500] Error 830: from: CONSTANTS, VARIABLES DB: schema: cpiura_shema  : 
[Wed, 30 Mar 2016 20:58:58 -0500] Error 830: from:: CONSTANT EXISTE LA SESSION, METODO NUEVO
[Wed, 30 Mar 2016 20:58:58 -0500] Error 830: from: CONSTANTS, VARIABLES DB: local: localhost  : 
[Wed, 30 Mar 2016 20:58:58 -0500] Error 830: from: CONSTANTS, VARIABLES DB: root: root  : 
[Wed, 30 Mar 2016 20:58:58 -0500] Error 830: from: CONSTANTS, VARIABLES DB: pws: 12345  : 
[Wed, 30 Mar 2016 20:58:58 -0500] Error 830: from: CONSTANTS, VARIABLES DB: schema: cpiura_shema  : 
[Wed, 30 Mar 2016 20:58:58 -0500] Error 830: from:: CONSTANT EXISTE LA SESSION, METODO NUEVO
[Wed, 30 Mar 2016 20:58:58 -0500] Error 830: from: CONSTANTS, VARIABLES DB: local: localhost  : 
[Wed, 30 Mar 2016 20:58:58 -0500] Error 830: from: CONSTANTS, VARIABLES DB: root: root  : 
[Wed, 30 Mar 2016 20:58:58 -0500] Error 830: from: CONSTANTS, VARIABLES DB: pws: 12345  : 
[Wed, 30 Mar 2016 20:58:58 -0500] Error 830: from: CONSTANTS, VARIABLES DB: schema: cpiura_shema  : 
[Wed, 30 Mar 2016 20:58:59 -0500] Error 830: from:: CONSTANT EXISTE LA SESSION, METODO NUEVO
[Wed, 30 Mar 2016 20:58:59 -0500] Error 830: from:: CONSTANT EXISTE LA SESSION, METODO NUEVO
[Wed, 30 Mar 2016 20:58:59 -0500] Error 830: from: CONSTANTS, VARIABLES DB: local: localhost  : 
[Wed, 30 Mar 2016 20:58:59 -0500] Error 830: from: CONSTANTS, VARIABLES DB: local: localhost  : 
[Wed, 30 Mar 2016 20:58:59 -0500] Error 830: from: CONSTANTS, VARIABLES DB: root: root  : 
[Wed, 30 Mar 2016 20:58:59 -0500] Error 830: from: CONSTANTS, VARIABLES DB: root: root  : 
[Wed, 30 Mar 2016 20:58:59 -0500] Error 830: from: CONSTANTS, VARIABLES DB: pws: 12345  : 
[Wed, 30 Mar 2016 20:58:59 -0500] Error 830: from: CONSTANTS, VARIABLES DB: pws: 12345  : 
[Wed, 30 Mar 2016 20:58:59 -0500] Error 830: from: CONSTANTS, VARIABLES DB: schema: cpiura_shema  : 
[Wed, 30 Mar 2016 20:58:59 -0500] Error 830: from: CONSTANTS, VARIABLES DB: schema: cpiura_shema  : 
[Wed, 30 Mar 2016 20:58:59 -0500] Error 830: from:: CONSTANT EXISTE LA SESSION, METODO NUEVO
[Wed, 30 Mar 2016 20:58:59 -0500] Error 830: from: CONSTANTS, VARIABLES DB: local: localhost  : 
[Wed, 30 Mar 2016 20:58:59 -0500] Error 830: from: CONSTANTS, VARIABLES DB: root: root  : 
[Wed, 30 Mar 2016 20:58:59 -0500] Error 830: from: CONSTANTS, VARIABLES DB: pws: 12345  : 
[Wed, 30 Mar 2016 20:58:59 -0500] Error 830: from: CONSTANTS, VARIABLES DB: schema: cpiura_shema  : 
[Wed, 30 Mar 2016 20:59:04 -0500] Error 830: from:: CONSTANT EXISTE LA SESSION, METODO NUEVO
[Wed, 30 Mar 2016 20:59:04 -0500] Error 830: from: CONSTANTS, VARIABLES DB: local: localhost  : 
[Wed, 30 Mar 2016 20:59:04 -0500] Error 830: from: CONSTANTS, VARIABLES DB: local: localhost  : 
[Wed, 30 Mar 2016 20:59:04 -0500] Error 830: from: CONSTANTS, VARIABLES DB: root: root  : 
[Wed, 30 Mar 2016 20:59:04 -0500] Error 830: from: CONSTANTS, VARIABLES DB: root: root  : 
[Wed, 30 Mar 2016 20:59:04 -0500] Error 830: from: CONSTANTS, VARIABLES DB: pws: 12345  : 
[Wed, 30 Mar 2016 20:59:04 -0500] Error 830: from: CONSTANTS, VARIABLES DB: pws: 12345  : 
[Wed, 30 Mar 2016 20:59:04 -0500] Error 830: from: CONSTANTS, VARIABLES DB: schema: cpiura_shema  : 
[Wed, 30 Mar 2016 20:59:04 -0500] Error 830: from: CONSTANTS, VARIABLES DB: schema: cpiura_shema  : 
[Wed, 30 Mar 2016 20:59:22 -0500] Error 830: from:: CONSTANT EXISTE LA SESSION, METODO NUEVO
[Wed, 30 Mar 2016 20:59:22 -0500] Error 830: from: CONSTANTS, VARIABLES DB: local: localhost  : 
[Wed, 30 Mar 2016 20:59:22 -0500] Error 830: from: CONSTANTS, VARIABLES DB: root: root  : 
[Wed, 30 Mar 2016 20:59:22 -0500] Error 830: from: CONSTANTS, VARIABLES DB: pws: 12345  : 
[Wed, 30 Mar 2016 20:59:22 -0500] Error 830: from: CONSTANTS, VARIABLES DB: schema: cpiura_shema  : 
[Wed, 30 Mar 2016 20:59:22 -0500] Error 830: from:: CONSTANT EXISTE LA SESSION, METODO NUEVO
[Wed, 30 Mar 2016 20:59:22 -0500] Error 830: from: CONSTANTS, VARIABLES DB: local: localhost  : 
[Wed, 30 Mar 2016 20:59:22 -0500] Error 830: from: CONSTANTS, VARIABLES DB: root: root  : 
[Wed, 30 Mar 2016 20:59:22 -0500] Error 830: from: CONSTANTS, VARIABLES DB: pws: 12345  : 
[Wed, 30 Mar 2016 20:59:22 -0500] Error 830: from: CONSTANTS, VARIABLES DB: schema: cpiura_shema  : 
[Wed, 30 Mar 2016 20:59:25 -0500] Error 830: from:: CONSTANT EXISTE LA SESSION, METODO NUEVO
[Wed, 30 Mar 2016 20:59:25 -0500] Error 830: from: CONSTANTS, VARIABLES DB: local: localhost  : 
[Wed, 30 Mar 2016 20:59:25 -0500] Error 830: from: CONSTANTS, VARIABLES DB: root: root  : 
[Wed, 30 Mar 2016 20:59:25 -0500] Error 830: from: CONSTANTS, VARIABLES DB: pws: 12345  : 
[Wed, 30 Mar 2016 20:59:25 -0500] Error 830: from: CONSTANTS, VARIABLES DB: schema: cpiura_shema  : 
[Wed, 30 Mar 2016 20:59:31 -0500] Error 830: from:: CONSTANT EXISTE LA SESSION, METODO NUEVO
[Wed, 30 Mar 2016 20:59:31 -0500] Error 830: from: CONSTANTS, VARIABLES DB: local: localhost  : 
[Wed, 30 Mar 2016 20:59:31 -0500] Error 830: from: CONSTANTS, VARIABLES DB: root: root  : 
[Wed, 30 Mar 2016 20:59:31 -0500] Error 830: from: CONSTANTS, VARIABLES DB: pws: 12345  : 
[Wed, 30 Mar 2016 20:59:31 -0500] Error 830: from: CONSTANTS, VARIABLES DB: schema: cpiura_shema  : 
[Wed, 30 Mar 2016 21:06:07 -0500] Error 830: from:: CONSTANT EXISTE LA SESSION, METODO NUEVO
[Wed, 30 Mar 2016 21:06:07 -0500] Error 830: from: CONSTANTS, VARIABLES DB: local: localhost  : 
[Wed, 30 Mar 2016 21:06:07 -0500] Error 830: from: CONSTANTS, VARIABLES DB: root: root  : 
[Wed, 30 Mar 2016 21:06:07 -0500] Error 830: from: CONSTANTS, VARIABLES DB: pws: 12345  : 
[Wed, 30 Mar 2016 21:06:07 -0500] Error 830: from: CONSTANTS, VARIABLES DB: schema: cpiura_shema  : 
[Wed, 30 Mar 2016 21:06:07 -0500] Error 830: from:: CONSTANT EXISTE LA SESSION, METODO NUEVO
[Wed, 30 Mar 2016 21:06:07 -0500] Error 830: from: CONSTANTS, VARIABLES DB: local: localhost  : 
[Wed, 30 Mar 2016 21:06:07 -0500] Error 830: from: CONSTANTS, VARIABLES DB: root: root  : 
[Wed, 30 Mar 2016 21:06:07 -0500] Error 830: from: CONSTANTS, VARIABLES DB: pws: 12345  : 
[Wed, 30 Mar 2016 21:06:07 -0500] Error 830: from: CONSTANTS, VARIABLES DB: schema: cpiura_shema  : 
[Wed, 30 Mar 2016 21:06:59 -0500] Error 830: from:: CONSTANT EXISTE LA SESSION, METODO NUEVO
[Wed, 30 Mar 2016 21:06:59 -0500] Error 830: from: CONSTANTS, VARIABLES DB: local: localhost  : 
[Wed, 30 Mar 2016 21:06:59 -0500] Error 830: from: CONSTANTS, VARIABLES DB: root: root  : 
[Wed, 30 Mar 2016 21:06:59 -0500] Error 830: from: CONSTANTS, VARIABLES DB: pws: 12345  : 
[Wed, 30 Mar 2016 21:06:59 -0500] Error 830: from: CONSTANTS, VARIABLES DB: schema: cpiura_shema  : 
[Wed, 30 Mar 2016 21:07:00 -0500] Error 830: from:: CONSTANT EXISTE LA SESSION, METODO NUEVO
[Wed, 30 Mar 2016 21:07:00 -0500] Error 830: from: CONSTANTS, VARIABLES DB: local: localhost  : 
[Wed, 30 Mar 2016 21:07:00 -0500] Error 830: from: CONSTANTS, VARIABLES DB: root: root  : 
[Wed, 30 Mar 2016 21:07:00 -0500] Error 830: from: CONSTANTS, VARIABLES DB: pws: 12345  : 
[Wed, 30 Mar 2016 21:07:00 -0500] Error 830: from: CONSTANTS, VARIABLES DB: schema: cpiura_shema  : 
[Wed, 30 Mar 2016 21:07:49 -0500] Error 830: from:: CONSTANT EXISTE LA SESSION, METODO NUEVO
[Wed, 30 Mar 2016 21:07:49 -0500] Error 830: from: CONSTANTS, VARIABLES DB: local: localhost  : 
[Wed, 30 Mar 2016 21:07:49 -0500] Error 830: from: CONSTANTS, VARIABLES DB: root: root  : 
[Wed, 30 Mar 2016 21:07:49 -0500] Error 830: from: CONSTANTS, VARIABLES DB: pws: 12345  : 
[Wed, 30 Mar 2016 21:07:49 -0500] Error 830: from: CONSTANTS, VARIABLES DB: schema: cpiura_shema  : 
[Wed, 30 Mar 2016 21:07:50 -0500] Error 830: from:: CONSTANT EXISTE LA SESSION, METODO NUEVO
[Wed, 30 Mar 2016 21:07:50 -0500] Error 830: from: CONSTANTS, VARIABLES DB: local: localhost  : 
[Wed, 30 Mar 2016 21:07:50 -0500] Error 830: from: CONSTANTS, VARIABLES DB: root: root  : 
[Wed, 30 Mar 2016 21:07:50 -0500] Error 830: from: CONSTANTS, VARIABLES DB: pws: 12345  : 
[Wed, 30 Mar 2016 21:07:50 -0500] Error 830: from: CONSTANTS, VARIABLES DB: schema: cpiura_shema  : 
[Wed, 30 Mar 2016 21:07:51 -0500] Error 830: from:: CONSTANT EXISTE LA SESSION, METODO NUEVO
[Wed, 30 Mar 2016 21:07:51 -0500] Error 830: from: CONSTANTS, VARIABLES DB: local: localhost  : 
[Wed, 30 Mar 2016 21:07:51 -0500] Error 830: from: CONSTANTS, VARIABLES DB: root: root  : 
[Wed, 30 Mar 2016 21:07:51 -0500] Error 830: from: CONSTANTS, VARIABLES DB: pws: 12345  : 
[Wed, 30 Mar 2016 21:07:51 -0500] Error 830: from: CONSTANTS, VARIABLES DB: schema: cpiura_shema  : 
[Wed, 30 Mar 2016 21:07:53 -0500] Error 830: from:: CONSTANT EXISTE LA SESSION, METODO NUEVO
[Wed, 30 Mar 2016 21:07:53 -0500] Error 830: from: CONSTANTS, VARIABLES DB: local: localhost  : 
[Wed, 30 Mar 2016 21:07:53 -0500] Error 830: from: CONSTANTS, VARIABLES DB: root: root  : 
[Wed, 30 Mar 2016 21:07:53 -0500] Error 830: from: CONSTANTS, VARIABLES DB: pws: 12345  : 
[Wed, 30 Mar 2016 21:07:53 -0500] Error 830: from: CONSTANTS, VARIABLES DB: schema: cpiura_shema  : 
[Wed, 30 Mar 2016 21:07:53 -0500] Error 830: from:: CONSTANT EXISTE LA SESSION, METODO NUEVO
[Wed, 30 Mar 2016 21:07:53 -0500] Error 830: from: CONSTANTS, VARIABLES DB: local: localhost  : 
[Wed, 30 Mar 2016 21:07:53 -0500] Error 830: from: CONSTANTS, VARIABLES DB: root: root  : 
[Wed, 30 Mar 2016 21:07:53 -0500] Error 830: from: CONSTANTS, VARIABLES DB: pws: 12345  : 
[Wed, 30 Mar 2016 21:07:53 -0500] Error 830: from: CONSTANTS, VARIABLES DB: schema: cpiura_shema  : 
[Wed, 30 Mar 2016 21:07:56 -0500] Error 830: from:: CONSTANT EXISTE LA SESSION, METODO NUEVO
[Wed, 30 Mar 2016 21:07:56 -0500] Error 830: from: CONSTANTS, VARIABLES DB: local: localhost  : 
[Wed, 30 Mar 2016 21:07:56 -0500] Error 830: from: CONSTANTS, VARIABLES DB: root: root  : 
[Wed, 30 Mar 2016 21:07:56 -0500] Error 830: from: CONSTANTS, VARIABLES DB: pws: 12345  : 
[Wed, 30 Mar 2016 21:07:56 -0500] Error 830: from: CONSTANTS, VARIABLES DB: schema: cpiura_shema  : 
[Wed, 30 Mar 2016 21:07:56 -0500] Error 830: from:: CONSTANT EXISTE LA SESSION, METODO NUEVO
[Wed, 30 Mar 2016 21:07:56 -0500] Error 830: from: CONSTANTS, VARIABLES DB: local: localhost  : 
[Wed, 30 Mar 2016 21:07:56 -0500] Error 830: from: CONSTANTS, VARIABLES DB: root: root  : 
[Wed, 30 Mar 2016 21:07:56 -0500] Error 830: from: CONSTANTS, VARIABLES DB: pws: 12345  : 
[Wed, 30 Mar 2016 21:07:56 -0500] Error 830: from: CONSTANTS, VARIABLES DB: schema: cpiura_shema  : 
[Wed, 30 Mar 2016 21:07:57 -0500] Error 830: from:: CONSTANT EXISTE LA SESSION, METODO NUEVO
[Wed, 30 Mar 2016 21:07:57 -0500] Error 830: from: CONSTANTS, VARIABLES DB: local: localhost  : 
[Wed, 30 Mar 2016 21:07:57 -0500] Error 830: from: CONSTANTS, VARIABLES DB: root: root  : 
[Wed, 30 Mar 2016 21:07:57 -0500] Error 830: from: CONSTANTS, VARIABLES DB: pws: 12345  : 
[Wed, 30 Mar 2016 21:07:57 -0500] Error 830: from: CONSTANTS, VARIABLES DB: schema: cpiura_shema  : 
[Wed, 30 Mar 2016 21:08:01 -0500] Error 830: from:: CONSTANT EXISTE LA SESSION, METODO NUEVO
[Wed, 30 Mar 2016 21:08:01 -0500] Error 830: from: CONSTANTS, VARIABLES DB: local: localhost  : 
[Wed, 30 Mar 2016 21:08:01 -0500] Error 830: from: CONSTANTS, VARIABLES DB: root: root  : 
[Wed, 30 Mar 2016 21:08:01 -0500] Error 830: from: CONSTANTS, VARIABLES DB: pws: 12345  : 
[Wed, 30 Mar 2016 21:08:01 -0500] Error 830: from: CONSTANTS, VARIABLES DB: schema: cpiura_shema  : 
[Wed, 30 Mar 2016 21:08:01 -0500] Error 830: from:: CONSTANT EXISTE LA SESSION, METODO NUEVO
[Wed, 30 Mar 2016 21:08:01 -0500] Error 830: from: CONSTANTS, VARIABLES DB: local: localhost  : 
[Wed, 30 Mar 2016 21:08:01 -0500] Error 830: from: CONSTANTS, VARIABLES DB: root: root  : 
[Wed, 30 Mar 2016 21:08:01 -0500] Error 830: from: CONSTANTS, VARIABLES DB: pws: 12345  : 
[Wed, 30 Mar 2016 21:08:01 -0500] Error 830: from: CONSTANTS, VARIABLES DB: schema: cpiura_shema  : 
[Wed, 30 Mar 2016 21:08:01 -0500] Error 830: from:: CONSTANT EXISTE LA SESSION, METODO NUEVO
[Wed, 30 Mar 2016 21:08:01 -0500] Error 830: from: CONSTANTS, VARIABLES DB: local: localhost  : 
[Wed, 30 Mar 2016 21:08:01 -0500] Error 830: from: CONSTANTS, VARIABLES DB: root: root  : 
[Wed, 30 Mar 2016 21:08:01 -0500] Error 830: from: CONSTANTS, VARIABLES DB: pws: 12345  : 
[Wed, 30 Mar 2016 21:08:01 -0500] Error 830: from: CONSTANTS, VARIABLES DB: schema: cpiura_shema  : 
[Wed, 30 Mar 2016 21:10:58 -0500] Error 830: from:: CONSTANT EXISTE LA SESSION, METODO NUEVO
[Wed, 30 Mar 2016 21:10:58 -0500] Error 830: from: CONSTANTS, VARIABLES DB: local: localhost  : 
[Wed, 30 Mar 2016 21:10:58 -0500] Error 830: from: CONSTANTS, VARIABLES DB: root: root  : 
[Wed, 30 Mar 2016 21:10:58 -0500] Error 830: from: CONSTANTS, VARIABLES DB: pws: 12345  : 
[Wed, 30 Mar 2016 21:10:58 -0500] Error 830: from: CONSTANTS, VARIABLES DB: schema: cpiura_shema  : 
[Wed, 30 Mar 2016 21:10:58 -0500] Error 830: from:: CONSTANT EXISTE LA SESSION, METODO NUEVO
[Wed, 30 Mar 2016 21:10:58 -0500] Error 830: from: CONSTANTS, VARIABLES DB: local: localhost  : 
[Wed, 30 Mar 2016 21:10:58 -0500] Error 830: from: CONSTANTS, VARIABLES DB: root: root  : 
[Wed, 30 Mar 2016 21:10:58 -0500] Error 830: from: CONSTANTS, VARIABLES DB: pws: 12345  : 
[Wed, 30 Mar 2016 21:10:58 -0500] Error 830: from: CONSTANTS, VARIABLES DB: schema: cpiura_shema  : 
[Wed, 30 Mar 2016 21:12:56 -0500] Error 830: from:: CONSTANT EXISTE LA SESSION, METODO NUEVO
[Wed, 30 Mar 2016 21:12:56 -0500] Error 830: from: CONSTANTS, VARIABLES DB: local: localhost  : 
[Wed, 30 Mar 2016 21:12:56 -0500] Error 830: from: CONSTANTS, VARIABLES DB: root: root  : 
[Wed, 30 Mar 2016 21:12:56 -0500] Error 830: from: CONSTANTS, VARIABLES DB: pws: 12345  : 
[Wed, 30 Mar 2016 21:12:56 -0500] Error 830: from: CONSTANTS, VARIABLES DB: schema: cpiura_shema  : 
[Wed, 30 Mar 2016 21:12:56 -0500] Error 830: from:: CONSTANT EXISTE LA SESSION, METODO NUEVO
[Wed, 30 Mar 2016 21:12:56 -0500] Error 830: from: CONSTANTS, VARIABLES DB: local: localhost  : 
[Wed, 30 Mar 2016 21:12:56 -0500] Error 830: from: CONSTANTS, VARIABLES DB: root: root  : 
[Wed, 30 Mar 2016 21:12:56 -0500] Error 830: from: CONSTANTS, VARIABLES DB: pws: 12345  : 
[Wed, 30 Mar 2016 21:12:56 -0500] Error 830: from: CONSTANTS, VARIABLES DB: schema: cpiura_shema  : 
[Wed, 30 Mar 2016 21:13:37 -0500] Error 830: from:: CONSTANT EXISTE LA SESSION, METODO NUEVO
[Wed, 30 Mar 2016 21:13:37 -0500] Error 830: from: CONSTANTS, VARIABLES DB: local: localhost  : 
[Wed, 30 Mar 2016 21:13:37 -0500] Error 830: from: CONSTANTS, VARIABLES DB: root: root  : 
[Wed, 30 Mar 2016 21:13:37 -0500] Error 830: from: CONSTANTS, VARIABLES DB: pws: 12345  : 
[Wed, 30 Mar 2016 21:13:37 -0500] Error 830: from: CONSTANTS, VARIABLES DB: schema: cpiura_shema  : 
[Wed, 30 Mar 2016 21:13:41 -0500] Error 830: from:: CONSTANT EXISTE LA SESSION, METODO NUEVO
[Wed, 30 Mar 2016 21:13:41 -0500] Error 830: from: CONSTANTS, VARIABLES DB: local: localhost  : 
[Wed, 30 Mar 2016 21:13:41 -0500] Error 830: from: CONSTANTS, VARIABLES DB: root: root  : 
[Wed, 30 Mar 2016 21:13:41 -0500] Error 830: from: CONSTANTS, VARIABLES DB: pws: 12345  : 
[Wed, 30 Mar 2016 21:13:41 -0500] Error 830: from: CONSTANTS, VARIABLES DB: schema: cpiura_shema  : 
[Wed, 30 Mar 2016 21:13:43 -0500] Error 830: from:: CONSTANT EXISTE LA SESSION, METODO NUEVO
[Wed, 30 Mar 2016 21:13:43 -0500] Error 830: from: CONSTANTS, VARIABLES DB: local: localhost  : 
[Wed, 30 Mar 2016 21:13:43 -0500] Error 830: from: CONSTANTS, VARIABLES DB: root: root  : 
[Wed, 30 Mar 2016 21:13:43 -0500] Error 830: from: CONSTANTS, VARIABLES DB: pws: 12345  : 
[Wed, 30 Mar 2016 21:13:43 -0500] Error 830: from: CONSTANTS, VARIABLES DB: schema: cpiura_shema  : 
[Wed, 30 Mar 2016 21:13:45 -0500] Error 830: from:: CONSTANT EXISTE LA SESSION, METODO NUEVO
[Wed, 30 Mar 2016 21:13:45 -0500] Error 830: from: CONSTANTS, VARIABLES DB: local: localhost  : 
[Wed, 30 Mar 2016 21:13:45 -0500] Error 830: from: CONSTANTS, VARIABLES DB: root: root  : 
[Wed, 30 Mar 2016 21:13:45 -0500] Error 830: from: CONSTANTS, VARIABLES DB: pws: 12345  : 
[Wed, 30 Mar 2016 21:13:45 -0500] Error 830: from: CONSTANTS, VARIABLES DB: schema: cpiura_shema  : 
[Wed, 30 Mar 2016 21:13:45 -0500] Error 830: from:: CONSTANT EXISTE LA SESSION, METODO NUEVO
[Wed, 30 Mar 2016 21:13:45 -0500] Error 830: from: CONSTANTS, VARIABLES DB: local: localhost  : 
[Wed, 30 Mar 2016 21:13:45 -0500] Error 830: from: CONSTANTS, VARIABLES DB: root: root  : 
[Wed, 30 Mar 2016 21:13:45 -0500] Error 830: from: CONSTANTS, VARIABLES DB: pws: 12345  : 
[Wed, 30 Mar 2016 21:13:45 -0500] Error 830: from: CONSTANTS, VARIABLES DB: schema: cpiura_shema  : 
[Wed, 30 Mar 2016 21:13:46 -0500] Error 830: from:: CONSTANT EXISTE LA SESSION, METODO NUEVO
[Wed, 30 Mar 2016 21:13:46 -0500] Error 830: from: CONSTANTS, VARIABLES DB: local: localhost  : 
[Wed, 30 Mar 2016 21:13:46 -0500] Error 830: from: CONSTANTS, VARIABLES DB: root: root  : 
[Wed, 30 Mar 2016 21:13:46 -0500] Error 830: from:: CONSTANT EXISTE LA SESSION, METODO NUEVO
[Wed, 30 Mar 2016 21:13:46 -0500] Error 830: from: CONSTANTS, VARIABLES DB: pws: 12345  : 
[Wed, 30 Mar 2016 21:13:46 -0500] Error 830: from: CONSTANTS, VARIABLES DB: schema: cpiura_shema  : 
[Wed, 30 Mar 2016 21:13:46 -0500] Error 830: from: CONSTANTS, VARIABLES DB: local: localhost  : 
[Wed, 30 Mar 2016 21:13:46 -0500] Error 830: from: CONSTANTS, VARIABLES DB: root: root  : 
[Wed, 30 Mar 2016 21:13:46 -0500] Error 830: from: CONSTANTS, VARIABLES DB: pws: 12345  : 
[Wed, 30 Mar 2016 21:13:46 -0500] Error 830: from: CONSTANTS, VARIABLES DB: schema: cpiura_shema  : 
[Wed, 30 Mar 2016 21:14:11 -0500] Error 830: from:: CONSTANT EXISTE LA SESSION, METODO NUEVO
[Wed, 30 Mar 2016 21:14:11 -0500] Error 830: from: CONSTANTS, VARIABLES DB: local: localhost  : 
[Wed, 30 Mar 2016 21:14:11 -0500] Error 830: from: CONSTANTS, VARIABLES DB: root: root  : 
[Wed, 30 Mar 2016 21:14:11 -0500] Error 830: from: CONSTANTS, VARIABLES DB: pws: 12345  : 
[Wed, 30 Mar 2016 21:14:11 -0500] Error 830: from: CONSTANTS, VARIABLES DB: schema: cpiura_shema  : 
[Wed, 30 Mar 2016 21:16:12 -0500] Error 830: from:: CONSTANT EXISTE LA SESSION, METODO NUEVO
[Wed, 30 Mar 2016 21:16:12 -0500] Error 830: from: CONSTANTS, VARIABLES DB: local: localhost  : 
[Wed, 30 Mar 2016 21:16:12 -0500] Error 830: from: CONSTANTS, VARIABLES DB: root: root  : 
[Wed, 30 Mar 2016 21:16:12 -0500] Error 830: from: CONSTANTS, VARIABLES DB: pws: 12345  : 
[Wed, 30 Mar 2016 21:16:12 -0500] Error 830: from: CONSTANTS, VARIABLES DB: schema: cpiura_shema  : 
[Wed, 30 Mar 2016 21:16:15 -0500] Error 830: from:: CONSTANT EXISTE LA SESSION, METODO NUEVO
[Wed, 30 Mar 2016 21:16:15 -0500] Error 830: from: CONSTANTS, VARIABLES DB: local: localhost  : 
[Wed, 30 Mar 2016 21:16:15 -0500] Error 830: from: CONSTANTS, VARIABLES DB: root: root  : 
[Wed, 30 Mar 2016 21:16:15 -0500] Error 830: from: CONSTANTS, VARIABLES DB: pws: 12345  : 
[Wed, 30 Mar 2016 21:16:15 -0500] Error 830: from: CONSTANTS, VARIABLES DB: schema: cpiura_shema  : 
[Wed, 30 Mar 2016 21:17:37 -0500] Error 830: from:: CONSTANT EXISTE LA SESSION, METODO NUEVO
[Wed, 30 Mar 2016 21:17:37 -0500] Error 830: from: CONSTANTS, VARIABLES DB: local: localhost  : 
[Wed, 30 Mar 2016 21:17:37 -0500] Error 830: from: CONSTANTS, VARIABLES DB: root: root  : 
[Wed, 30 Mar 2016 21:17:37 -0500] Error 830: from: CONSTANTS, VARIABLES DB: pws: 12345  : 
[Wed, 30 Mar 2016 21:17:37 -0500] Error 830: from: CONSTANTS, VARIABLES DB: schema: cpiura_shema  : 
[Wed, 30 Mar 2016 21:17:37 -0500] Error 830: from:: CONSTANT EXISTE LA SESSION, METODO NUEVO
[Wed, 30 Mar 2016 21:17:37 -0500] Error 830: from: CONSTANTS, VARIABLES DB: local: localhost  : 
[Wed, 30 Mar 2016 21:17:37 -0500] Error 830: from: CONSTANTS, VARIABLES DB: root: root  : 
[Wed, 30 Mar 2016 21:17:37 -0500] Error 830: from: CONSTANTS, VARIABLES DB: pws: 12345  : 
[Wed, 30 Mar 2016 21:17:37 -0500] Error 830: from: CONSTANTS, VARIABLES DB: schema: cpiura_shema  : 
[Wed, 30 Mar 2016 21:17:37 -0500] Error 830: from:: CONSTANT EXISTE LA SESSION, METODO NUEVO
[Wed, 30 Mar 2016 21:17:37 -0500] Error 830: from: CONSTANTS, VARIABLES DB: local: localhost  : 
[Wed, 30 Mar 2016 21:17:37 -0500] Error 830: from: CONSTANTS, VARIABLES DB: root: root  : 
[Wed, 30 Mar 2016 21:17:37 -0500] Error 830: from: CONSTANTS, VARIABLES DB: pws: 12345  : 
[Wed, 30 Mar 2016 21:17:37 -0500] Error 830: from: CONSTANTS, VARIABLES DB: schema: cpiura_shema  : 
[Wed, 30 Mar 2016 21:17:45 -0500] Error 830: from:: CONSTANT EXISTE LA SESSION, METODO NUEVO
[Wed, 30 Mar 2016 21:17:45 -0500] Error 830: from: CONSTANTS, VARIABLES DB: local: localhost  : 
[Wed, 30 Mar 2016 21:17:45 -0500] Error 830: from: CONSTANTS, VARIABLES DB: root: root  : 
[Wed, 30 Mar 2016 21:17:45 -0500] Error 830: from: CONSTANTS, VARIABLES DB: pws: 12345  : 
[Wed, 30 Mar 2016 21:17:45 -0500] Error 830: from: CONSTANTS, VARIABLES DB: schema: cpiura_shema  : 
[Wed, 30 Mar 2016 21:17:49 -0500] Error 830: from:: CONSTANT EXISTE LA SESSION, METODO NUEVO
[Wed, 30 Mar 2016 21:17:49 -0500] Error 830: from: CONSTANTS, VARIABLES DB: local: localhost  : 
[Wed, 30 Mar 2016 21:17:49 -0500] Error 830: from: CONSTANTS, VARIABLES DB: root: root  : 
[Wed, 30 Mar 2016 21:17:49 -0500] Error 830: from: CONSTANTS, VARIABLES DB: pws: 12345  : 
[Wed, 30 Mar 2016 21:17:49 -0500] Error 830: from: CONSTANTS, VARIABLES DB: schema: cpiura_shema  : 
[Wed, 30 Mar 2016 21:17:50 -0500] Error 830: from:: CONSTANT EXISTE LA SESSION, METODO NUEVO
[Wed, 30 Mar 2016 21:17:50 -0500] Error 830: from: CONSTANTS, VARIABLES DB: local: localhost  : 
[Wed, 30 Mar 2016 21:17:50 -0500] Error 830: from: CONSTANTS, VARIABLES DB: root: root  : 
[Wed, 30 Mar 2016 21:17:50 -0500] Error 830: from: CONSTANTS, VARIABLES DB: pws: 12345  : 
[Wed, 30 Mar 2016 21:17:50 -0500] Error 830: from: CONSTANTS, VARIABLES DB: schema: cpiura_shema  : 
[Wed, 30 Mar 2016 21:17:52 -0500] Error 830: from:: CONSTANT EXISTE LA SESSION, METODO NUEVO
[Wed, 30 Mar 2016 21:17:52 -0500] Error 830: from: CONSTANTS, VARIABLES DB: local: localhost  : 
[Wed, 30 Mar 2016 21:17:52 -0500] Error 830: from: CONSTANTS, VARIABLES DB: root: root  : 
[Wed, 30 Mar 2016 21:17:52 -0500] Error 830: from: CONSTANTS, VARIABLES DB: pws: 12345  : 
[Wed, 30 Mar 2016 21:17:52 -0500] Error 830: from: CONSTANTS, VARIABLES DB: schema: cpiura_shema  : 
[Wed, 30 Mar 2016 21:17:52 -0500] Error 830: from:: CONSTANT EXISTE LA SESSION, METODO NUEVO
[Wed, 30 Mar 2016 21:17:52 -0500] Error 830: from: CONSTANTS, VARIABLES DB: local: localhost  : 
[Wed, 30 Mar 2016 21:17:52 -0500] Error 830: from: CONSTANTS, VARIABLES DB: root: root  : 
[Wed, 30 Mar 2016 21:17:52 -0500] Error 830: from: CONSTANTS, VARIABLES DB: pws: 12345  : 
[Wed, 30 Mar 2016 21:17:52 -0500] Error 830: from: CONSTANTS, VARIABLES DB: schema: cpiura_shema  : 
[Wed, 30 Mar 2016 21:17:53 -0500] Error 830: from:: CONSTANT EXISTE LA SESSION, METODO NUEVO
[Wed, 30 Mar 2016 21:17:53 -0500] Error 830: from: CONSTANTS, VARIABLES DB: local: localhost  : 
[Wed, 30 Mar 2016 21:17:53 -0500] Error 830: from:: CONSTANT EXISTE LA SESSION, METODO NUEVO
[Wed, 30 Mar 2016 21:17:53 -0500] Error 830: from: CONSTANTS, VARIABLES DB: pws: 12345  : 
[Wed, 30 Mar 2016 21:17:53 -0500] Error 830: from: CONSTANTS, VARIABLES DB: schema: cpiura_shema  : 
[Wed, 30 Mar 2016 21:17:53 -0500] Error 830: from: CONSTANTS, VARIABLES DB: local: localhost  : 
[Wed, 30 Mar 2016 21:17:53 -0500] Error 830: from: CONSTANTS, VARIABLES DB: root: root  : 
[Wed, 30 Mar 2016 21:17:53 -0500] Error 830: from: CONSTANTS, VARIABLES DB: pws: 12345  : 
[Wed, 30 Mar 2016 21:17:53 -0500] Error 830: from: CONSTANTS, VARIABLES DB: schema: cpiura_shema  : 
[Wed, 30 Mar 2016 21:17:53 -0500] Error 830: from:: CONSTANT EXISTE LA SESSION, METODO NUEVO
[Wed, 30 Mar 2016 21:17:53 -0500] Error 830: from: CONSTANTS, VARIABLES DB: local: localhost  : 
[Wed, 30 Mar 2016 21:17:53 -0500] Error 830: from:: CONSTANT EXISTE LA SESSION, METODO NUEVO
[Wed, 30 Mar 2016 21:17:53 -0500] Error 830: from: CONSTANTS, VARIABLES DB: root: root  : 
[Wed, 30 Mar 2016 21:17:53 -0500] Error 830: from: CONSTANTS, VARIABLES DB: pws: 12345  : 
[Wed, 30 Mar 2016 21:17:53 -0500] Error 830: from: CONSTANTS, VARIABLES DB: local: localhost  : 
[Wed, 30 Mar 2016 21:17:53 -0500] Error 830: from: CONSTANTS, VARIABLES DB: schema: cpiura_shema  : 
[Wed, 30 Mar 2016 21:17:53 -0500] Error 830: from: CONSTANTS, VARIABLES DB: root: root  : 
[Wed, 30 Mar 2016 21:17:53 -0500] Error 830: from: CONSTANTS, VARIABLES DB: pws: 12345  : 
[Wed, 30 Mar 2016 21:17:53 -0500] Error 830: from: CONSTANTS, VARIABLES DB: schema: cpiura_shema  : 
[Wed, 30 Mar 2016 21:17:53 -0500] Error 830: from:: CONSTANT EXISTE LA SESSION, METODO NUEVO
[Wed, 30 Mar 2016 21:17:53 -0500] Error 830: from: CONSTANTS, VARIABLES DB: local: localhost  : 
[Wed, 30 Mar 2016 21:17:53 -0500] Error 830: from: CONSTANTS, VARIABLES DB: root: root  : 
[Wed, 30 Mar 2016 21:17:53 -0500] Error 830: from: CONSTANTS, VARIABLES DB: pws: 12345  : 
[Wed, 30 Mar 2016 21:17:53 -0500] Error 830: from: CONSTANTS, VARIABLES DB: schema: cpiura_shema  : 
[Wed, 30 Mar 2016 21:17:54 -0500] Error 830: from:: CONSTANT EXISTE LA SESSION, METODO NUEVO
[Wed, 30 Mar 2016 21:17:54 -0500] Error 830: from: CONSTANTS, VARIABLES DB: local: localhost  : 
[Wed, 30 Mar 2016 21:17:54 -0500] Error 830: from: CONSTANTS, VARIABLES DB: root: root  : 
[Wed, 30 Mar 2016 21:17:54 -0500] Error 830: from: CONSTANTS, VARIABLES DB: pws: 12345  : 
[Wed, 30 Mar 2016 21:17:54 -0500] Error 830: from: CONSTANTS, VARIABLES DB: schema: cpiura_shema  : 
[Wed, 30 Mar 2016 21:17:54 -0500] Error 830: from:: CONSTANT EXISTE LA SESSION, METODO NUEVO
[Wed, 30 Mar 2016 21:17:54 -0500] Error 830: from: CONSTANTS, VARIABLES DB: local: localhost  : 
[Wed, 30 Mar 2016 21:17:54 -0500] Error 830: from: CONSTANTS, VARIABLES DB: root: root  : 
[Wed, 30 Mar 2016 21:17:54 -0500] Error 830: from: CONSTANTS, VARIABLES DB: pws: 12345  : 
[Wed, 30 Mar 2016 21:17:54 -0500] Error 830: from: CONSTANTS, VARIABLES DB: schema: cpiura_shema  : 
[Wed, 30 Mar 2016 21:17:56 -0500] Error 830: from:: CONSTANT EXISTE LA SESSION, METODO NUEVO
[Wed, 30 Mar 2016 21:17:56 -0500] Error 830: from: CONSTANTS, VARIABLES DB: local: localhost  : 
[Wed, 30 Mar 2016 21:17:56 -0500] Error 830: from: CONSTANTS, VARIABLES DB: root: root  : 
[Wed, 30 Mar 2016 21:17:56 -0500] Error 830: from: CONSTANTS, VARIABLES DB: pws: 12345  : 
[Wed, 30 Mar 2016 21:17:56 -0500] Error 830: from: CONSTANTS, VARIABLES DB: schema: cpiura_shema  : 
[Wed, 30 Mar 2016 21:17:56 -0500] Error 830: from:: CONSTANT EXISTE LA SESSION, METODO NUEVO
[Wed, 30 Mar 2016 21:17:56 -0500] Error 830: from: CONSTANTS, VARIABLES DB: local: localhost  : 
[Wed, 30 Mar 2016 21:17:56 -0500] Error 830: from: CONSTANTS, VARIABLES DB: root: root  : 
[Wed, 30 Mar 2016 21:17:56 -0500] Error 830: from: CONSTANTS, VARIABLES DB: pws: 12345  : 
[Wed, 30 Mar 2016 21:17:56 -0500] Error 830: from: CONSTANTS, VARIABLES DB: schema: cpiura_shema  : 
[Wed, 30 Mar 2016 22:11:36 -0500] Error 830: from:: CONSTANT EXISTE LA SESSION, METODO NUEVO
[Wed, 30 Mar 2016 22:11:36 -0500] Error 830: from: CONSTANTS, VARIABLES DB: local: localhost  : 
[Wed, 30 Mar 2016 22:11:36 -0500] Error 830: from: CONSTANTS, VARIABLES DB: root: root  : 
[Wed, 30 Mar 2016 22:11:36 -0500] Error 830: from: CONSTANTS, VARIABLES DB: pws: 12345  : 
[Wed, 30 Mar 2016 22:11:36 -0500] Error 830: from: CONSTANTS, VARIABLES DB: schema: cpiura_shema  : 
[Wed, 30 Mar 2016 22:11:37 -0500] Error 830: from:: CONSTANT EXISTE LA SESSION, METODO NUEVO
[Wed, 30 Mar 2016 22:11:37 -0500] Error 830: from: CONSTANTS, VARIABLES DB: local: localhost  : 
[Wed, 30 Mar 2016 22:11:37 -0500] Error 830: from: CONSTANTS, VARIABLES DB: root: root  : 
[Wed, 30 Mar 2016 22:11:37 -0500] Error 830: from: CONSTANTS, VARIABLES DB: pws: 12345  : 
[Wed, 30 Mar 2016 22:11:37 -0500] Error 830: from: CONSTANTS, VARIABLES DB: schema: cpiura_shema  : 
[Wed, 30 Mar 2016 22:11:44 -0500] Error 830: from:: CONSTANT EXISTE LA SESSION, METODO NUEVO
[Wed, 30 Mar 2016 22:11:44 -0500] Error 830: from: CONSTANTS, VARIABLES DB: local: localhost  : 
[Wed, 30 Mar 2016 22:11:44 -0500] Error 830: from: CONSTANTS, VARIABLES DB: root: root  : 
[Wed, 30 Mar 2016 22:11:44 -0500] Error 830: from: CONSTANTS, VARIABLES DB: pws: 12345  : 
[Wed, 30 Mar 2016 22:11:44 -0500] Error 830: from: CONSTANTS, VARIABLES DB: schema: cpiura_shema  : 
[Wed, 30 Mar 2016 22:11:44 -0500] Error 830: from:: CONSTANT EXISTE LA SESSION, METODO NUEVO
[Wed, 30 Mar 2016 22:11:44 -0500] Error 830: from: CONSTANTS, VARIABLES DB: local: localhost  : 
[Wed, 30 Mar 2016 22:11:44 -0500] Error 830: from: CONSTANTS, VARIABLES DB: root: root  : 
[Wed, 30 Mar 2016 22:11:44 -0500] Error 830: from: CONSTANTS, VARIABLES DB: pws: 12345  : 
[Wed, 30 Mar 2016 22:11:44 -0500] Error 830: from: CONSTANTS, VARIABLES DB: schema: cpiura_shema  : 
[Wed, 30 Mar 2016 22:11:44 -0500] Error 830: from:: CONSTANT EXISTE LA SESSION, METODO NUEVO
[Wed, 30 Mar 2016 22:11:44 -0500] Error 830: from: CONSTANTS, VARIABLES DB: local: localhost  : 
[Wed, 30 Mar 2016 22:11:44 -0500] Error 830: from: CONSTANTS, VARIABLES DB: root: root  : 
[Wed, 30 Mar 2016 22:11:44 -0500] Error 830: from: CONSTANTS, VARIABLES DB: pws: 12345  : 
[Wed, 30 Mar 2016 22:11:44 -0500] Error 830: from: CONSTANTS, VARIABLES DB: schema: cpiura_shema  : 
[Wed, 30 Mar 2016 22:11:56 -0500] Error 830: from:: CONSTANT EXISTE LA SESSION, METODO NUEVO
[Wed, 30 Mar 2016 22:11:56 -0500] Error 830: from: CONSTANTS, VARIABLES DB: local: localhost  : 
[Wed, 30 Mar 2016 22:11:56 -0500] Error 830: from: CONSTANTS, VARIABLES DB: root: root  : 
[Wed, 30 Mar 2016 22:11:56 -0500] Error 830: from: CONSTANTS, VARIABLES DB: pws: 12345  : 
[Wed, 30 Mar 2016 22:11:56 -0500] Error 830: from: CONSTANTS, VARIABLES DB: schema: cpiura_shema  : 
[Wed, 30 Mar 2016 22:11:57 -0500] Error 830: from:: CONSTANT EXISTE LA SESSION, METODO NUEVO
[Wed, 30 Mar 2016 22:11:57 -0500] Error 830: from: CONSTANTS, VARIABLES DB: local: localhost  : 
[Wed, 30 Mar 2016 22:11:57 -0500] Error 830: from: CONSTANTS, VARIABLES DB: root: root  : 
[Wed, 30 Mar 2016 22:11:57 -0500] Error 830: from: CONSTANTS, VARIABLES DB: pws: 12345  : 
[Wed, 30 Mar 2016 22:11:57 -0500] Error 830: from: CONSTANTS, VARIABLES DB: schema: cpiura_shema  : 
[Wed, 30 Mar 2016 22:11:58 -0500] Error 830: from:: CONSTANT EXISTE LA SESSION, METODO NUEVO
[Wed, 30 Mar 2016 22:11:58 -0500] Error 830: from: CONSTANTS, VARIABLES DB: local: localhost  : 
[Wed, 30 Mar 2016 22:11:58 -0500] Error 830: from: CONSTANTS, VARIABLES DB: root: root  : 
[Wed, 30 Mar 2016 22:11:58 -0500] Error 830: from: CONSTANTS, VARIABLES DB: pws: 12345  : 
[Wed, 30 Mar 2016 22:11:58 -0500] Error 830: from: CONSTANTS, VARIABLES DB: schema: cpiura_shema  : 
[Wed, 30 Mar 2016 22:11:59 -0500] Error 830: from:: CONSTANT EXISTE LA SESSION, METODO NUEVO
[Wed, 30 Mar 2016 22:11:59 -0500] Error 830: from: CONSTANTS, VARIABLES DB: local: localhost  : 
[Wed, 30 Mar 2016 22:11:59 -0500] Error 830: from: CONSTANTS, VARIABLES DB: root: root  : 
[Wed, 30 Mar 2016 22:11:59 -0500] Error 830: from: CONSTANTS, VARIABLES DB: pws: 12345  : 
[Wed, 30 Mar 2016 22:11:59 -0500] Error 830: from: CONSTANTS, VARIABLES DB: schema: cpiura_shema  : 
[Wed, 30 Mar 2016 22:11:59 -0500] Error 830: from:: CONSTANT EXISTE LA SESSION, METODO NUEVO
[Wed, 30 Mar 2016 22:11:59 -0500] Error 830: from: CONSTANTS, VARIABLES DB: local: localhost  : 
[Wed, 30 Mar 2016 22:11:59 -0500] Error 830: from: CONSTANTS, VARIABLES DB: root: root  : 
[Wed, 30 Mar 2016 22:11:59 -0500] Error 830: from: CONSTANTS, VARIABLES DB: pws: 12345  : 
[Wed, 30 Mar 2016 22:11:59 -0500] Error 830: from: CONSTANTS, VARIABLES DB: schema: cpiura_shema  : 
[Wed, 30 Mar 2016 22:12:01 -0500] Error 830: from:: CONSTANT EXISTE LA SESSION, METODO NUEVO
[Wed, 30 Mar 2016 22:12:01 -0500] Error 830: from:: CONSTANT EXISTE LA SESSION, METODO NUEVO
[Wed, 30 Mar 2016 22:12:01 -0500] Error 830: from: CONSTANTS, VARIABLES DB: local: localhost  : 
[Wed, 30 Mar 2016 22:12:01 -0500] Error 830: from: CONSTANTS, VARIABLES DB: local: localhost  : 
[Wed, 30 Mar 2016 22:12:01 -0500] Error 830: from: CONSTANTS, VARIABLES DB: root: root  : 
[Wed, 30 Mar 2016 22:12:01 -0500] Error 830: from: CONSTANTS, VARIABLES DB: root: root  : 
[Wed, 30 Mar 2016 22:12:01 -0500] Error 830: from: CONSTANTS, VARIABLES DB: pws: 12345  : 
[Wed, 30 Mar 2016 22:12:01 -0500] Error 830: from: CONSTANTS, VARIABLES DB: pws: 12345  : 
[Wed, 30 Mar 2016 22:12:01 -0500] Error 830: from: CONSTANTS, VARIABLES DB: schema: cpiura_shema  : 
[Wed, 30 Mar 2016 22:12:01 -0500] Error 830: from: CONSTANTS, VARIABLES DB: schema: cpiura_shema  : 
[Wed, 30 Mar 2016 22:12:01 -0500] Error 830: from:: CONSTANT EXISTE LA SESSION, METODO NUEVO
[Wed, 30 Mar 2016 22:12:01 -0500] Error 830: from: CONSTANTS, VARIABLES DB: local: localhost  : 
[Wed, 30 Mar 2016 22:12:01 -0500] Error 830: from: CONSTANTS, VARIABLES DB: root: root  : 
[Wed, 30 Mar 2016 22:12:01 -0500] Error 830: from: CONSTANTS, VARIABLES DB: pws: 12345  : 
[Wed, 30 Mar 2016 22:12:01 -0500] Error 830: from: CONSTANTS, VARIABLES DB: schema: cpiura_shema  : 
[Wed, 30 Mar 2016 22:12:12 -0500] Error 830: from:: CONSTANT EXISTE LA SESSION, METODO NUEVO
[Wed, 30 Mar 2016 22:12:12 -0500] Error 830: from: CONSTANTS, VARIABLES DB: local: localhost  : 
[Wed, 30 Mar 2016 22:12:12 -0500] Error 830: from: CONSTANTS, VARIABLES DB: root: root  : 
[Wed, 30 Mar 2016 22:12:12 -0500] Error 830: from: CONSTANTS, VARIABLES DB: pws: 12345  : 
[Wed, 30 Mar 2016 22:12:12 -0500] Error 830: from: CONSTANTS, VARIABLES DB: schema: cpiura_shema  : 
[Wed, 30 Mar 2016 22:12:12 -0500] Error 830: from:: CONSTANT EXISTE LA SESSION, METODO NUEVO
[Wed, 30 Mar 2016 22:12:12 -0500] Error 830: from: CONSTANTS, VARIABLES DB: local: localhost  : 
[Wed, 30 Mar 2016 22:12:12 -0500] Error 830: from: CONSTANTS, VARIABLES DB: root: root  : 
[Wed, 30 Mar 2016 22:12:12 -0500] Error 830: from: CONSTANTS, VARIABLES DB: pws: 12345  : 
[Wed, 30 Mar 2016 22:12:12 -0500] Error 830: from: CONSTANTS, VARIABLES DB: schema: cpiura_shema  : 
[Thu, 31 Mar 2016 09:14:10 -0500] Error 830: from:: CONSTANT EXISTE LA SESSION, METODO NUEVO
[Thu, 31 Mar 2016 09:14:10 -0500] Error 830: from: CONSTANTS, VARIABLES DB: local: localhost  : 
[Thu, 31 Mar 2016 09:14:10 -0500] Error 830: from: CONSTANTS, VARIABLES DB: root: root  : 
[Thu, 31 Mar 2016 09:14:10 -0500] Error 830: from: CONSTANTS, VARIABLES DB: pws: 12345  : 
[Thu, 31 Mar 2016 09:14:10 -0500] Error 830: from: CONSTANTS, VARIABLES DB: schema: cpiura_shema  : 
[Thu, 31 Mar 2016 09:14:10 -0500] Error 830: from:: CONSTANT EXISTE LA SESSION, METODO NUEVO
[Thu, 31 Mar 2016 09:14:10 -0500] Error 830: from: CONSTANTS, VARIABLES DB: local: localhost  : 
[Thu, 31 Mar 2016 09:14:10 -0500] Error 830: from: CONSTANTS, VARIABLES DB: root: root  : 
[Thu, 31 Mar 2016 09:14:10 -0500] Error 830: from: CONSTANTS, VARIABLES DB: pws: 12345  : 
[Thu, 31 Mar 2016 09:14:10 -0500] Error 830: from: CONSTANTS, VARIABLES DB: schema: cpiura_shema  : 
[Thu, 31 Mar 2016 09:14:18 -0500] Error 830: from:: CONSTANT EXISTE LA SESSION, METODO NUEVO
[Thu, 31 Mar 2016 09:14:18 -0500] Error 830: from: CONSTANTS, VARIABLES DB: local: localhost  : 
[Thu, 31 Mar 2016 09:14:18 -0500] Error 830: from: CONSTANTS, VARIABLES DB: root: root  : 
[Thu, 31 Mar 2016 09:14:18 -0500] Error 830: from: CONSTANTS, VARIABLES DB: pws: 12345  : 
[Thu, 31 Mar 2016 09:14:18 -0500] Error 830: from: CONSTANTS, VARIABLES DB: schema: cpiura_shema  : 
[Thu, 31 Mar 2016 09:14:19 -0500] Error 830: from:: CONSTANT EXISTE LA SESSION, METODO NUEVO
[Thu, 31 Mar 2016 09:14:19 -0500] Error 830: from: CONSTANTS, VARIABLES DB: local: localhost  : 
[Thu, 31 Mar 2016 09:14:19 -0500] Error 830: from: CONSTANTS, VARIABLES DB: root: root  : 
[Thu, 31 Mar 2016 09:14:19 -0500] Error 830: from: CONSTANTS, VARIABLES DB: pws: 12345  : 
[Thu, 31 Mar 2016 09:14:19 -0500] Error 830: from: CONSTANTS, VARIABLES DB: schema: cpiura_shema  : 
[Thu, 31 Mar 2016 09:14:19 -0500] Error 830: from:: CONSTANT EXISTE LA SESSION, METODO NUEVO
[Thu, 31 Mar 2016 09:14:19 -0500] Error 830: from: CONSTANTS, VARIABLES DB: local: localhost  : 
[Thu, 31 Mar 2016 09:14:19 -0500] Error 830: from: CONSTANTS, VARIABLES DB: root: root  : 
[Thu, 31 Mar 2016 09:14:19 -0500] Error 830: from: CONSTANTS, VARIABLES DB: pws: 12345  : 
[Thu, 31 Mar 2016 09:14:19 -0500] Error 830: from: CONSTANTS, VARIABLES DB: schema: cpiura_shema  : 
[Thu, 31 Mar 2016 09:14:20 -0500] Error 830: from:: CONSTANT EXISTE LA SESSION, METODO NUEVO
[Thu, 31 Mar 2016 09:14:20 -0500] Error 830: from: CONSTANTS, VARIABLES DB: local: localhost  : 
[Thu, 31 Mar 2016 09:14:20 -0500] Error 830: from: CONSTANTS, VARIABLES DB: root: root  : 
[Thu, 31 Mar 2016 09:14:20 -0500] Error 830: from: CONSTANTS, VARIABLES DB: pws: 12345  : 
[Thu, 31 Mar 2016 09:14:20 -0500] Error 830: from: CONSTANTS, VARIABLES DB: schema: cpiura_shema  : 
[Thu, 31 Mar 2016 09:14:20 -0500] Error 830: from:: CONSTANT EXISTE LA SESSION, METODO NUEVO
[Thu, 31 Mar 2016 09:14:20 -0500] Error 830: from: CONSTANTS, VARIABLES DB: local: localhost  : 
[Thu, 31 Mar 2016 09:14:20 -0500] Error 830: from: CONSTANTS, VARIABLES DB: root: root  : 
[Thu, 31 Mar 2016 09:14:20 -0500] Error 830: from: CONSTANTS, VARIABLES DB: pws: 12345  : 
[Thu, 31 Mar 2016 09:14:20 -0500] Error 830: from: CONSTANTS, VARIABLES DB: schema: cpiura_shema  : 
[Thu, 31 Mar 2016 09:14:22 -0500] Error 830: from:: CONSTANT EXISTE LA SESSION, METODO NUEVO
[Thu, 31 Mar 2016 09:14:22 -0500] Error 830: from: CONSTANTS, VARIABLES DB: local: localhost  : 
[Thu, 31 Mar 2016 09:14:22 -0500] Error 830: from: CONSTANTS, VARIABLES DB: root: root  : 
[Thu, 31 Mar 2016 09:14:22 -0500] Error 830: from: CONSTANTS, VARIABLES DB: pws: 12345  : 
[Thu, 31 Mar 2016 09:14:22 -0500] Error 830: from: CONSTANTS, VARIABLES DB: schema: cpiura_shema  : 
[Thu, 31 Mar 2016 09:14:23 -0500] Error 830: from:: CONSTANT EXISTE LA SESSION, METODO NUEVO
[Thu, 31 Mar 2016 09:14:23 -0500] Error 830: from: CONSTANTS, VARIABLES DB: local: localhost  : 
[Thu, 31 Mar 2016 09:14:23 -0500] Error 830: from: CONSTANTS, VARIABLES DB: root: root  : 
[Thu, 31 Mar 2016 09:14:23 -0500] Error 830: from: CONSTANTS, VARIABLES DB: pws: 12345  : 
[Thu, 31 Mar 2016 09:14:23 -0500] Error 830: from:: CONSTANT EXISTE LA SESSION, METODO NUEVO
[Thu, 31 Mar 2016 09:14:23 -0500] Error 830: from: CONSTANTS, VARIABLES DB: schema: cpiura_shema  : 
[Thu, 31 Mar 2016 09:14:23 -0500] Error 830: from: CONSTANTS, VARIABLES DB: local: localhost  : 
[Thu, 31 Mar 2016 09:14:23 -0500] Error 830: from: CONSTANTS, VARIABLES DB: root: root  : 
[Thu, 31 Mar 2016 09:14:23 -0500] Error 830: from: CONSTANTS, VARIABLES DB: pws: 12345  : 
[Thu, 31 Mar 2016 09:14:23 -0500] Error 830: from: CONSTANTS, VARIABLES DB: schema: cpiura_shema  : 
[Thu, 31 Mar 2016 09:14:25 -0500] Error 830: from:: CONSTANT EXISTE LA SESSION, METODO NUEVO
[Thu, 31 Mar 2016 09:14:25 -0500] Error 830: from: CONSTANTS, VARIABLES DB: local: localhost  : 
[Thu, 31 Mar 2016 09:14:25 -0500] Error 830: from: CONSTANTS, VARIABLES DB: root: root  : 
[Thu, 31 Mar 2016 09:14:25 -0500] Error 830: from: CONSTANTS, VARIABLES DB: pws: 12345  : 
[Thu, 31 Mar 2016 09:14:25 -0500] Error 830: from: CONSTANTS, VARIABLES DB: schema: cpiura_shema  : 
[Thu, 31 Mar 2016 09:14:25 -0500] Error 830: from:: CONSTANT EXISTE LA SESSION, METODO NUEVO
[Thu, 31 Mar 2016 09:14:25 -0500] Error 830: from: CONSTANTS, VARIABLES DB: local: localhost  : 
[Thu, 31 Mar 2016 09:14:25 -0500] Error 830: from: CONSTANTS, VARIABLES DB: root: root  : 
[Thu, 31 Mar 2016 09:14:25 -0500] Error 830: from: CONSTANTS, VARIABLES DB: pws: 12345  : 
[Thu, 31 Mar 2016 09:14:25 -0500] Error 830: from: CONSTANTS, VARIABLES DB: schema: cpiura_shema  : 
[Fri, 01 Apr 2016 09:43:46 -0500] Error 830: from:: CONSTANT EXISTE LA SESSION, METODO NUEVO
[Fri, 01 Apr 2016 09:43:46 -0500] Error 830: from: CONSTANTS, VARIABLES DB: local: localhost  : 
[Fri, 01 Apr 2016 09:43:46 -0500] Error 830: from: CONSTANTS, VARIABLES DB: root: root  : 
[Fri, 01 Apr 2016 09:43:46 -0500] Error 830: from: CONSTANTS, VARIABLES DB: pws: 12345  : 
[Fri, 01 Apr 2016 09:43:46 -0500] Error 830: from: CONSTANTS, VARIABLES DB: schema: cpiura_shema  : 
[Fri, 01 Apr 2016 09:43:46 -0500] Error 830: from:: CONSTANT EXISTE LA SESSION, METODO NUEVO
[Fri, 01 Apr 2016 09:43:46 -0500] Error 830: from: CONSTANTS, VARIABLES DB: local: localhost  : 
[Fri, 01 Apr 2016 09:43:46 -0500] Error 830: from: CONSTANTS, VARIABLES DB: root: root  : 
[Fri, 01 Apr 2016 09:43:46 -0500] Error 830: from: CONSTANTS, VARIABLES DB: pws: 12345  : 
[Fri, 01 Apr 2016 09:43:46 -0500] Error 830: from: CONSTANTS, VARIABLES DB: schema: cpiura_shema  : 
[Fri, 01 Apr 2016 09:44:10 -0500] Error 830: from:: CONSTANT EXISTE LA SESSION, METODO NUEVO
[Fri, 01 Apr 2016 09:44:10 -0500] Error 830: from: CONSTANTS, VARIABLES DB: local: localhost  : 
[Fri, 01 Apr 2016 09:44:10 -0500] Error 830: from: CONSTANTS, VARIABLES DB: root: root  : 
[Fri, 01 Apr 2016 09:44:10 -0500] Error 830: from: CONSTANTS, VARIABLES DB: pws: 12345  : 
[Fri, 01 Apr 2016 09:44:10 -0500] Error 830: from: CONSTANTS, VARIABLES DB: schema: cpiura_shema  : 
[Fri, 01 Apr 2016 09:44:11 -0500] Error 830: from:: CONSTANT EXISTE LA SESSION, METODO NUEVO
[Fri, 01 Apr 2016 09:44:11 -0500] Error 830: from: CONSTANTS, VARIABLES DB: local: localhost  : 
[Fri, 01 Apr 2016 09:44:11 -0500] Error 830: from: CONSTANTS, VARIABLES DB: root: root  : 
[Fri, 01 Apr 2016 09:44:11 -0500] Error 830: from: CONSTANTS, VARIABLES DB: pws: 12345  : 
[Fri, 01 Apr 2016 09:44:11 -0500] Error 830: from: CONSTANTS, VARIABLES DB: schema: cpiura_shema  : 
